[23:00:05] [modloading-worker-0/INFO] ========================================
[23:00:05] [modloading-worker-0/INFO] Minecraft: 1.20.1
[23:00:05] [modloading-worker-0/INFO] Side: server
[23:00:05] [modloading-worker-0/INFO] Development: false
[23:00:05] [modloading-worker-0/INFO] Version: 12.1.785
[23:00:05] [modloading-worker-0/INFO] Loader:
[23:00:05] [modloading-worker-0/INFO] - Forge: 47.3.7
[23:00:05] [modloading-worker-0/INFO] Dependencies:
[23:00:05] [modloading-worker-0/INFO] - Cloth Config: 11.1.136
[23:00:05] [modloading-worker-0/INFO] - Architectury: 9.2.14
[23:00:05] [modloading-worker-0/INFO] Mixin: 0.8.5
[23:00:05] [modloading-worker-0/INFO] OS: Linux 6.5.0-1025-azure (amd64)
[23:00:05] [modloading-worker-0/INFO] Java: 21.0.4 (Microsoft)
[23:00:05] [modloading-worker-0/INFO] ========================================
[23:00:05] [modloading-worker-0/INFO] Mods:
[23:00:05] [modloading-worker-0/INFO] - advancementplaques: 1.6.7
[23:00:05] [modloading-worker-0/INFO] - alexscaves: 2.0.2
[23:00:05] [modloading-worker-0/INFO] - alexsmobs: 1.22.9
[23:00:05] [modloading-worker-0/INFO] - ambientsounds: 6.1.4
[23:00:05] [modloading-worker-0/INFO] - amplified_nether: 1.2.5
[23:00:05] [modloading-worker-0/INFO] - another_furniture: 1.20.1-3.0.1
[23:00:05] [modloading-worker-0/INFO] - appleskin: 2.5.1+mc1.20.1
[23:00:05] [modloading-worker-0/INFO] - aquamirae: 6.API15
[23:00:05] [modloading-worker-0/INFO] - architectury: 9.2.14
[23:00:05] [modloading-worker-0/INFO] - artifacts: 9.5.13
[23:00:05] [modloading-worker-0/INFO] - balm: 7.3.9
[23:00:05] [modloading-worker-0/INFO] - betterdeserttemples: 1.20-Forge-3.0.3
[23:00:05] [modloading-worker-0/INFO] - betterdungeons: 1.20-Forge-4.0.4
[23:00:05] [modloading-worker-0/INFO] - betterendisland: 1.20-Forge-2.0.6
[23:00:05] [modloading-worker-0/INFO] - betterfortresses: 1.20-Forge-2.0.6
[23:00:05] [modloading-worker-0/INFO] - betterjungletemples: 1.20-Forge-2.0.5
[23:00:05] [modloading-worker-0/INFO] - betterlightning: 1.1.0-1.20.1
[23:00:05] [modloading-worker-0/INFO] - bettermineshafts: 1.20-Forge-4.0.4
[23:00:05] [modloading-worker-0/INFO] - betteroceanmonuments: 1.20-Forge-3.0.4
[23:00:05] [modloading-worker-0/INFO] - betterstrongholds: 1.20-Forge-4.0.3
[23:00:05] [modloading-worker-0/INFO] - betterwitchhuts: 1.20-Forge-3.0.3
[23:00:05] [modloading-worker-0/INFO] - bfendcities: 1.0
[23:00:05] [modloading-worker-0/INFO] - boatiview: 0.0.5
[23:00:05] [modloading-worker-0/INFO] - bookshelf: 20.2.13
[23:00:05] [modloading-worker-0/INFO] - born_in_chaos_v1: 1.5.2
[23:00:05] [modloading-worker-0/INFO] - bosses_of_mass_destruction: 1.1.2
[23:00:05] [modloading-worker-0/INFO] - bygonenether: 1.3.2
[23:00:05] [modloading-worker-0/INFO] - caelus: 3.2.0+1.20.1
[23:00:05] [modloading-worker-0/INFO] - call_of_yucutan: 1.0.13
[23:00:05] [modloading-worker-0/INFO] - carryon: 2.1.2.7
[23:00:05] [modloading-worker-0/INFO] - cataclysm: 2.27
[23:00:05] [modloading-worker-0/INFO] - cerbons_api: 1.1.0
[23:00:05] [modloading-worker-0/INFO] - citadel: 2.6.0
[23:00:05] [modloading-worker-0/INFO] - cloth_config: 11.1.136
[23:00:05] [modloading-worker-0/INFO] - clumps: 12.0.0.4
[23:00:05] [modloading-worker-0/INFO] - collective: 7.87
[23:00:05] [modloading-worker-0/INFO] - corgilib: 4.0.3.2
[23:00:05] [modloading-worker-0/INFO] - coroutil: 1.20.1-1.3.7
[23:00:05] [modloading-worker-0/INFO] - create: 0.5.1.j
[23:00:05] [modloading-worker-0/INFO] - create_structures: 0.1.1
[23:00:05] [modloading-worker-0/INFO] - createaddition: 1.20.1-1.2.4e
[23:00:05] [modloading-worker-0/INFO] - creativecore: 2.12.25
[23:00:05] [modloading-worker-0/INFO] - curios: 5.11.0+1.20.1
[23:00:05] [modloading-worker-0/INFO] - deeperdarker: 1.3.3
[23:00:05] [modloading-worker-0/INFO] - doubledoors: 5.9
[23:00:05] [modloading-worker-0/INFO] - dynamiclights: 1.8.5+mod
[23:00:05] [modloading-worker-0/INFO] - easyanvils: 8.0.2
[23:00:05] [modloading-worker-0/INFO] - elytraslot: 6.4.4+1.20.1
[23:00:05] [modloading-worker-0/INFO] - emotecraft: 2.2.7-b.build.50
[23:00:05] [modloading-worker-0/INFO] - enchdesc: 17.1.19
[23:00:05] [modloading-worker-0/INFO] - endofherobrine: 1.20.1-1.0.8.2
[23:00:05] [modloading-worker-0/INFO] - endrem: 5.3.3-R-1.20.1
[23:00:05] [modloading-worker-0/INFO] - enhancedcelestials: 1.20.1-5.0.1.0
[23:00:05] [modloading-worker-0/INFO] - enhancedvisuals: 1.8.1
[23:00:05] [modloading-worker-0/INFO] - expandability: 9.0.4
[23:00:05] [modloading-worker-0/INFO] - explorify: 1.6.2
[23:00:05] [modloading-worker-0/INFO] - fallingleaves: 2.1.0-beta.1
[23:00:05] [modloading-worker-0/INFO] - fallingtree: 4.3.4
[23:00:05] [modloading-worker-0/INFO] - firstperson: 2.4.6
[23:00:05] [modloading-worker-0/INFO] - flywheel: 0.6.11-13
[23:00:05] [modloading-worker-0/INFO] - forge: 47.3.7
[23:00:05] [modloading-worker-0/INFO] - geckolib: 4.4.9
[23:00:05] [modloading-worker-0/INFO] - glitchcore: 0.0.1.1
[23:00:05] [modloading-worker-0/INFO] - graveyard: 3.1
[23:00:05] [modloading-worker-0/INFO] - highlighter: 1.1.9
[23:00:05] [modloading-worker-0/INFO] - iceberg: 1.1.25
[23:00:05] [modloading-worker-0/INFO] - immersive_aircraft: 1.1.5+1.20.1
[23:00:05] [modloading-worker-0/INFO] - immersive_melodies: 0.3.0+1.20.1
[23:00:05] [modloading-worker-0/INFO] - immersive_paintings: 0.6.7+1.20.1
[23:00:05] [modloading-worker-0/INFO] - incendium: 5.3.5
[23:00:05] [modloading-worker-0/INFO] - invmove: 0.8.4
[23:00:05] [modloading-worker-0/INFO] - jade: 11.7.1
[23:00:05] [modloading-worker-0/INFO] - jeed: 1.20-2.2.2
[23:00:05] [modloading-worker-0/INFO] - jei: 15.20.0.105
[23:00:05] [modloading-worker-0/INFO] - jeresources: 1.4.0.247
[23:00:05] [modloading-worker-0/INFO] - justenoughbreeding: 1.4.1
[23:00:05] [modloading-worker-0/INFO] - justenoughprofessions: 3.0.1
[23:00:05] [modloading-worker-0/INFO] - kuma_api: 20.1.8
[23:00:05] [modloading-worker-0/INFO] - lionfishapi: 2.4-Fix
[23:00:05] [modloading-worker-0/INFO] - magnumtorch: 8.0.2
[23:00:05] [modloading-worker-0/INFO] - mca: 7.5.21+1.20.1
[23:00:05] [modloading-worker-0/INFO] - mcwdoors: 1.1.1
[23:00:05] [modloading-worker-0/INFO] - mcwfences: 1.1.2
[23:00:05] [modloading-worker-0/INFO] - mcwfurnitures: 3.3.0
[23:00:05] [modloading-worker-0/INFO] - mcwlights: 1.1.0
[23:00:05] [modloading-worker-0/INFO] - mcwroofs: 2.3.1
[23:00:05] [modloading-worker-0/INFO] - mcwtrpdoors: 1.1.4
[23:00:05] [modloading-worker-0/INFO] - mcwwindows: 2.3.0
[23:00:05] [modloading-worker-0/INFO] - mes: 1.3.1-1.20-forge
[23:00:05] [modloading-worker-0/INFO] - minecraft: 1.20.1
[23:00:05] [modloading-worker-0/INFO] - mixinextras: 0.2.0-beta.6
[23:00:05] [modloading-worker-0/INFO] - mixinsquared: 0.1.2-beta.6
[23:00:05] [modloading-worker-0/INFO] - mousetweaks: 2.25.1
[23:00:05] [modloading-worker-0/INFO] - movingelevators: 1.4.10
[23:00:05] [modloading-worker-0/INFO] - mr_dungeons_andtaverns: 3.0.3.f
[23:00:05] [modloading-worker-0/INFO] - mr_limesplatus_ending: 1-v1.1.0c
[23:00:05] [modloading-worker-0/INFO] - mru: 1.0.4+1.20.1+forge
[23:00:05] [modloading-worker-0/INFO] - naturescompass: 1.20.1-1.11.2-forge
[23:00:05] [modloading-worker-0/INFO] - nerb: 0.4.1
[23:00:05] [modloading-worker-0/INFO] - netherexp: 2.1.3
[23:00:05] [modloading-worker-0/INFO] - notenoughanimations: 1.8.2
[23:00:05] [modloading-worker-0/INFO] - nullscape: 1.2.8
[23:00:05] [modloading-worker-0/INFO] - nyfsspiders: 2.1.1
[23:00:05] [modloading-worker-0/INFO] - obscure_api: 15
[23:00:05] [modloading-worker-0/INFO] - octolib: 0.4.2
[23:00:05] [modloading-worker-0/INFO] - pickupnotifier: 8.0.0
[23:00:05] [modloading-worker-0/INFO] - playeranimator: 1.0.2-rc1+1.20
[23:00:05] [modloading-worker-0/INFO] - presencefootsteps: 1.20.1-1.9.1-beta.1
[23:00:05] [modloading-worker-0/INFO] - prism: 1.0.5
[23:00:05] [modloading-worker-0/INFO] - puzzlesaccessapi: 8.0.7
[23:00:05] [modloading-worker-0/INFO] - puzzleslib: 8.1.25
[23:00:05] [modloading-worker-0/INFO] - realisticbees: 4.0
[23:00:05] [modloading-worker-0/INFO] - ribbits: 1.20.1-Forge-3.0.0
[23:00:05] [modloading-worker-0/INFO] - roughlyenoughitems: 12.1.785
[23:00:05] [modloading-worker-0/INFO] - roughlyenoughprofessions: 2.0.2
[23:00:05] [modloading-worker-0/INFO] - sereneseasons: 9.1.0.0
[23:00:05] [modloading-worker-0/INFO] - shouldersurfing: 1.20.1-4.6.3
[23:00:05] [modloading-worker-0/INFO] - skinlayers3d: 1.7.4
[23:00:05] [modloading-worker-0/INFO] - sound_physics_remastered: 1.20.1-1.4.7
[23:00:05] [modloading-worker-0/INFO] - spartanshields: 3.1.1
[23:00:05] [modloading-worker-0/INFO] - stalwart_dungeons: 1.2.8
[23:00:05] [modloading-worker-0/INFO] - stoneworks: 8.0.0
[23:00:05] [modloading-worker-0/INFO] - storagedrawers: 12.9.13
[23:00:05] [modloading-worker-0/INFO] - supermartijn642configlib: 1.1.8
[23:00:05] [modloading-worker-0/INFO] - supermartijn642corelib: 1.1.17+a
[23:00:05] [modloading-worker-0/INFO] - tectonic: 2.4.1
[23:00:05] [modloading-worker-0/INFO] - terrablender: 3.0.1.7
[23:00:05] [modloading-worker-0/INFO] - terralith: 2.5.4
[23:00:05] [modloading-worker-0/INFO] - theabyss: 1.0.0
[23:00:05] [modloading-worker-0/INFO] - tlc: 1.0.2
[23:00:05] [modloading-worker-0/INFO] - tombstone: 8.8.6
[23:00:05] [modloading-worker-0/INFO] - trade_cycling: 1.20.1-1.0.7
[23:00:05] [modloading-worker-0/INFO] - travelersbackpack: 9.1.16
[23:00:05] [modloading-worker-0/INFO] - travelerstitles: 1.20-Forge-4.0.2
[23:00:05] [modloading-worker-0/INFO] - visualworkbench: 8.0.0
[23:00:05] [modloading-worker-0/INFO] - voicechat: 1.20.1-2.5.26
[23:00:05] [modloading-worker-0/INFO] - watut: 1.20.1-1.1.3
[23:00:05] [modloading-worker-0/INFO] - waystones: 14.1.6
[23:00:05] [modloading-worker-0/INFO] - weaponmaster_ydm: 4.2.3
[23:00:05] [modloading-worker-0/INFO] - wi_zoom: 1.5-MC1.20.1-Forge
[23:00:05] [modloading-worker-0/INFO] - xaerominimap: 24.6.1
[23:00:05] [modloading-worker-0/INFO] - xaeroworldmap: 1.39.0
[23:00:05] [modloading-worker-0/INFO] - yet_another_config_lib_v3: 3.6.2+1.20.1-forge
[23:00:05] [modloading-worker-0/INFO] - yungsapi: 1.20-Forge-4.0.6
[23:00:05] [modloading-worker-0/INFO] ========================================
[23:00:05] [modloading-worker-0/INFO] [REI] Registered plugin provider ReiCompat [travelersbackpack] for REIPlugin
[23:00:05] [modloading-worker-0/INFO] [REI] Registered plugin provider DefaultPluginImpl [roughlyenoughitems] for REIServerPlugin
[23:00:05] [modloading-worker-0/INFO] [REI] Registered plugin provider DefaultPluginImpl [roughlyenoughitems] for REIPlugin
[23:00:05] [modloading-worker-0/INFO] [REI] Registered plugin provider DefaultRuntimePlugin [roughlyenoughitems] for REIServerPlugin
[23:00:05] [modloading-worker-0/INFO] [REI] Registered plugin provider DefaultRuntimePlugin [roughlyenoughitems] for REIPlugin
[23:00:05] [modloading-worker-0/INFO] [REI] Registered plugin provider ReiCompat [travelersbackpack] for REIServerPlugin
[23:00:33] [Worker-Main-2/DEBUG] [REI] Processed 2 tags in 525.9 μs for minecraft:painting_variant
[23:00:33] [Worker-Main-3/DEBUG] [REI] Processed 16 tags in 62.37 μs for minecraft:fluid
[23:00:33] [Worker-Main-2/DEBUG] [REI] Processed 0 tags in 32.97 μs for minecraft:worldgen/structure
[23:00:33] [Worker-Main-3/DEBUG] [REI] Processed 7 tags in 200.3 μs for minecraft:game_event
[23:00:33] [Worker-Main-2/DEBUG] [REI] Processed 0 tags in 4.629 μs for minecraft:dimension_type
[23:00:33] [Worker-Main-3/DEBUG] [REI] Processed 0 tags in 4.508 μs for minecraft:worldgen/density_function
[23:00:33] [Worker-Main-2/DEBUG] [REI] Processed 0 tags in 4.768 μs for minecraft:worldgen/world_preset
[23:00:33] [Worker-Main-3/DEBUG] [REI] Processed 3 tags in 93.55 μs for minecraft:point_of_interest_type
[23:00:33] [Worker-Main-3/DEBUG] [REI] Processed 0 tags in 17.26 μs for minecraft:damage_type
[23:00:33] [Worker-Main-2/DEBUG] [REI] Processed 0 tags in 5.991 μs for enhancedcelestials:lunar/event
[23:00:33] [Worker-Main-2/DEBUG] [REI] Processed 3 tags in 22.63 μs for minecraft:instrument
[23:00:33] [Worker-Main-3/DEBUG] [REI] Processed 2 tags in 120.6 μs for minecraft:cat_variant
[23:00:33] [Worker-Main-3/DEBUG] [REI] Processed 0 tags in 7.324 μs for minecraft:worldgen/structure_set
[23:00:33] [Worker-Main-2/DEBUG] [REI] Processed 12 tags in 89.00 μs for minecraft:banner_pattern
[23:00:33] [Worker-Main-3/DEBUG] [REI] Processed 1 tags in 7.665 μs for minecraft:recipe_serializer
[23:00:33] [Worker-Main-1/DEBUG] [REI] Processed 756 tags in 4.258 ms for minecraft:item
[23:00:33] [Worker-Main-1/DEBUG] [REI] Processed 3 tags in 68.88 μs for minecraft:mob_effect
[23:00:33] [Worker-Main-1/DEBUG] [REI] Processed 0 tags in 3.707 μs for minecraft:worldgen/flat_level_generator_preset
[23:00:33] [Worker-Main-2/DEBUG] [REI] Processed 0 tags in 76.83 μs for minecraft:worldgen/biome
[23:00:33] [Worker-Main-1/DEBUG] [REI] Processed 142 tags in 463.3 μs for minecraft:entity_type
[23:00:33] [Worker-Main-3/DEBUG] [REI] Processed 764 tags in 11.10 ms for minecraft:block
[23:00:36] [main/DEBUG] [REI] Starting Reload Plugins of stage null
java.lang.Throwable
	at TRANSFORMER/roughlyenoughitems@12.1.785/me.shedaniel.rei.impl.common.plugins.ReloadManagerImpl.reloadPlugins(ReloadManagerImpl.java:110)
	at TRANSFORMER/roughlyenoughitems@12.1.785/me.shedaniel.rei.RoughlyEnoughItemsCore.lambda$onInitialize$5(RoughlyEnoughItemsCore.java:163)
	at java.base/java.util.concurrent.CompletableFuture$UniRun.tryFire(CompletableFuture.java:787)
	at java.base/java.util.concurrent.CompletableFuture$Completion.run(CompletableFuture.java:482)
	at TRANSFORMER/minecraft@1.20.1/net.minecraft.server.packs.resources.SimpleReloadInstance.m_143940_(SimpleReloadInstance.java:69)
	at TRANSFORMER/minecraft@1.20.1/net.minecraft.Util.m_214652_(Util.java:783)
	at TRANSFORMER/minecraft@1.20.1/net.minecraft.Util.m_214679_(Util.java:772)
	at TRANSFORMER/minecraft@1.20.1/net.minecraft.server.Main.main(Main.java:166)
	at java.base/jdk.internal.reflect.DirectMethodHandleAccessor.invoke(DirectMethodHandleAccessor.java:103)
	at java.base/java.lang.reflect.Method.invoke(Method.java:580)
	at MC-BOOTSTRAP/fmlloader@1.20.1-47.3.7/net.minecraftforge.fml.loading.targets.CommonLaunchHandler.runTarget(CommonLaunchHandler.java:111)
	at MC-BOOTSTRAP/fmlloader@1.20.1-47.3.7/net.minecraftforge.fml.loading.targets.CommonLaunchHandler.serverService(CommonLaunchHandler.java:103)
	at MC-BOOTSTRAP/fmlloader@1.20.1-47.3.7/net.minecraftforge.fml.loading.targets.CommonServerLaunchHandler.lambda$makeService$0(CommonServerLaunchHandler.java:27)
	at MC-BOOTSTRAP/cpw.mods.modlauncher@10.0.9/cpw.mods.modlauncher.LaunchServiceHandlerDecorator.launch(LaunchServiceHandlerDecorator.java:30)
	at MC-BOOTSTRAP/cpw.mods.modlauncher@10.0.9/cpw.mods.modlauncher.LaunchServiceHandler.launch(LaunchServiceHandler.java:53)
	at MC-BOOTSTRAP/cpw.mods.modlauncher@10.0.9/cpw.mods.modlauncher.LaunchServiceHandler.launch(LaunchServiceHandler.java:71)
	at MC-BOOTSTRAP/cpw.mods.modlauncher@10.0.9/cpw.mods.modlauncher.Launcher.run(Launcher.java:108)
	at MC-BOOTSTRAP/cpw.mods.modlauncher@10.0.9/cpw.mods.modlauncher.Launcher.main(Launcher.java:78)
	at MC-BOOTSTRAP/cpw.mods.modlauncher@10.0.9/cpw.mods.modlauncher.BootstrapLaunchConsumer.accept(BootstrapLaunchConsumer.java:26)
	at MC-BOOTSTRAP/cpw.mods.modlauncher@10.0.9/cpw.mods.modlauncher.BootstrapLaunchConsumer.accept(BootstrapLaunchConsumer.java:23)
	at cpw.mods.bootstraplauncher@1.1.2/cpw.mods.bootstraplauncher.BootstrapLauncher.main(BootstrapLauncher.java:141)
[23:00:36] [main/DEBUG] [REI] ========================================
[23:00:36] [main/DEBUG] [REI] REIPlugin starting pre-reload for START.
[23:00:36] [main/DEBUG] [REI] Reloadables (7):
[23:00:36] [main/DEBUG] [REI]  - EntryTypeRegistryImpl
[23:00:36] [main/DEBUG] [REI]  - EntrySettingsAdapterRegistryImpl
[23:00:36] [main/DEBUG] [REI]  - RecipeManagerContextImpl
[23:00:36] [main/DEBUG] [REI]  - ItemComparatorRegistryImpl
[23:00:36] [main/DEBUG] [REI]  - FluidComparatorRegistryImpl
[23:00:36] [main/DEBUG] [REI]  - DisplaySerializerRegistryImpl
[23:00:36] [main/DEBUG] [REI]  - FluidSupportProviderImpl
[23:00:36] [main/DEBUG] [REI] Plugins (3):
[23:00:36] [main/DEBUG] [REI]  - (-100.00) DefaultPluginImpl of DefaultPluginImpl [roughlyenoughitems]
[23:00:36] [main/DEBUG] [REI]  - (0.00) DefaultRuntimePlugin of DefaultRuntimePlugin [roughlyenoughitems]
[23:00:36] [main/DEBUG] [REI]  - (0.00) ReiCompat of ReiCompat [travelersbackpack]
[23:00:36] [main/DEBUG] [REI] ========================================
[23:00:36] [main/TRACE] [REI] [REIPlugin START] Reloading Section: "pre-register/"
[23:00:36] [main/TRACE] [REI] [REIPlugin START] Reloading Section: "pre-register/DefaultPluginImpl of DefaultPluginImpl [roughlyenoughitems]/"
[23:00:36] [main/TRACE] [REI] [REIPlugin START] Reloading Section: "pre-register/DefaultPluginImpl of DefaultPluginImpl [roughlyenoughitems]/" done in 639.7 μs
[23:00:36] [main/TRACE] [REI] [REIPlugin START] Reloading Section: "pre-register/DefaultRuntimePlugin of DefaultRuntimePlugin [roughlyenoughitems]/"
[23:00:36] [main/TRACE] [REI] [REIPlugin START] Reloading Section: "pre-register/DefaultRuntimePlugin of DefaultRuntimePlugin [roughlyenoughitems]/" done in 61.50 μs
[23:00:36] [main/TRACE] [REI] [REIPlugin START] Reloading Section: "pre-register/ReiCompat of ReiCompat [travelersbackpack]/"
[23:00:36] [main/TRACE] [REI] [REIPlugin START] Reloading Section: "pre-register/ReiCompat of ReiCompat [travelersbackpack]/" done in 43.66 μs
[23:00:36] [main/TRACE] [REI] [REIPlugin START] Reloading Section: "pre-register/" done in 7.989 ms
[23:00:36] [main/TRACE] [REI] [REIPlugin START] Reloading Section: "pre-stage/"
[23:00:36] [main/TRACE] [REI] [REIPlugin START] Reloading Section: "pre-stage/EntryTypeRegistryImpl/"
[23:00:36] [main/TRACE] [REI] [REIPlugin START] Reloading Section: "pre-stage/EntryTypeRegistryImpl/" done in 174.6 μs
[23:00:36] [main/TRACE] [REI] [REIPlugin START] Reloading Section: "pre-stage/EntrySettingsAdapterRegistryImpl/"
[23:00:36] [main/TRACE] [REI] [REIPlugin START] Reloading Section: "pre-stage/EntrySettingsAdapterRegistryImpl/" done in 42.62 μs
[23:00:36] [main/TRACE] [REI] [REIPlugin START] Reloading Section: "pre-stage/RecipeManagerContextImpl/"
[23:00:36] [main/TRACE] [REI] [REIPlugin START] Reloading Section: "pre-stage/RecipeManagerContextImpl/" done in 39.18 μs
[23:00:36] [main/TRACE] [REI] [REIPlugin START] Reloading Section: "pre-stage/ItemComparatorRegistryImpl/"
[23:00:36] [main/TRACE] [REI] [REIPlugin START] Reloading Section: "pre-stage/ItemComparatorRegistryImpl/" done in 44.34 μs
[23:00:36] [main/TRACE] [REI] [REIPlugin START] Reloading Section: "pre-stage/FluidComparatorRegistryImpl/"
[23:00:36] [main/TRACE] [REI] [REIPlugin START] Reloading Section: "pre-stage/FluidComparatorRegistryImpl/" done in 42.52 μs
[23:00:36] [main/TRACE] [REI] [REIPlugin START] Reloading Section: "pre-stage/DisplaySerializerRegistryImpl/"
[23:00:36] [main/TRACE] [REI] [REIPlugin START] Reloading Section: "pre-stage/DisplaySerializerRegistryImpl/" done in 52.82 μs
[23:00:36] [main/TRACE] [REI] [REIPlugin START] Reloading Section: "pre-stage/FluidSupportProviderImpl/"
[23:00:36] [main/TRACE] [REI] [REIPlugin START] Reloading Section: "pre-stage/FluidSupportProviderImpl/" done in 46.35 μs
[23:00:36] [main/TRACE] [REI] [REIPlugin START] Reloading Section: "pre-stage/" done in 1.055 ms
[23:00:36] [main/DEBUG] [REI] ========================================
[23:00:36] [main/DEBUG] [REI] REIPlugin finished pre-reload for START in 9.547 ms.
[23:00:36] [main/DEBUG] [REI] ========================================
[23:00:36] [main/DEBUG] [REI] ========================================
[23:00:36] [main/DEBUG] [REI] REIServerPlugin starting pre-reload for START.
[23:00:36] [main/DEBUG] [REI] Reloadables (2):
[23:00:36] [main/DEBUG] [REI]  - MenuInfoRegistryImpl
[23:00:36] [main/DEBUG] [REI]  - SlotAccessorRegistryImpl
[23:00:36] [main/DEBUG] [REI] Plugins (3):
[23:00:36] [main/DEBUG] [REI]  - (-100.00) DefaultPluginImpl of DefaultPluginImpl [roughlyenoughitems]
[23:00:36] [main/DEBUG] [REI]  - (0.00) ReiCompat of ReiCompat [travelersbackpack]
[23:00:36] [main/DEBUG] [REI]  - (0.00) DefaultRuntimePlugin of DefaultRuntimePlugin [roughlyenoughitems]
[23:00:36] [main/DEBUG] [REI] ========================================
[23:00:36] [main/TRACE] [REI] [REIServerPlugin START] Reloading Section: "pre-register/"
[23:00:36] [main/TRACE] [REI] [REIServerPlugin START] Reloading Section: "pre-register/DefaultPluginImpl of DefaultPluginImpl [roughlyenoughitems]/"
[23:00:36] [main/TRACE] [REI] [REIServerPlugin START] Reloading Section: "pre-register/DefaultPluginImpl of DefaultPluginImpl [roughlyenoughitems]/" done in 48.28 μs
[23:00:36] [main/TRACE] [REI] [REIServerPlugin START] Reloading Section: "pre-register/ReiCompat of ReiCompat [travelersbackpack]/"
[23:00:36] [main/TRACE] [REI] [REIServerPlugin START] Reloading Section: "pre-register/ReiCompat of ReiCompat [travelersbackpack]/" done in 42.78 μs
[23:00:36] [main/TRACE] [REI] [REIServerPlugin START] Reloading Section: "pre-register/DefaultRuntimePlugin of DefaultRuntimePlugin [roughlyenoughitems]/"
[23:00:36] [main/TRACE] [REI] [REIServerPlugin START] Reloading Section: "pre-register/DefaultRuntimePlugin of DefaultRuntimePlugin [roughlyenoughitems]/" done in 46.12 μs
[23:00:36] [main/TRACE] [REI] [REIServerPlugin START] Reloading Section: "pre-register/" done in 469.3 μs
[23:00:36] [main/TRACE] [REI] [REIServerPlugin START] Reloading Section: "pre-stage/"
[23:00:36] [main/TRACE] [REI] [REIServerPlugin START] Reloading Section: "pre-stage/MenuInfoRegistryImpl/"
[23:00:36] [main/TRACE] [REI] [REIServerPlugin START] Reloading Section: "pre-stage/MenuInfoRegistryImpl/" done in 44.82 μs
[23:00:36] [main/TRACE] [REI] [REIServerPlugin START] Reloading Section: "pre-stage/SlotAccessorRegistryImpl/"
[23:00:36] [main/TRACE] [REI] [REIServerPlugin START] Reloading Section: "pre-stage/SlotAccessorRegistryImpl/" done in 49.04 μs
[23:00:36] [main/TRACE] [REI] [REIServerPlugin START] Reloading Section: "pre-stage/" done in 290.4 μs
[23:00:36] [main/DEBUG] [REI] ========================================
[23:00:36] [main/DEBUG] [REI] REIServerPlugin finished pre-reload for START in 963.0 μs.
[23:00:36] [main/DEBUG] [REI] ========================================
[23:00:36] [main/INFO] [REI] @@@@@@@@@@@@@@@@@@@@@@@@@@@@@@@@@@@@@@@@
[23:00:36] [main/INFO] [REI] REIPlugin starting main-reload for START.
[23:00:36] [main/DEBUG] [REI] Reloadables (7):
[23:00:36] [main/DEBUG] [REI]  - EntryTypeRegistryImpl
[23:00:36] [main/DEBUG] [REI]  - EntrySettingsAdapterRegistryImpl
[23:00:36] [main/DEBUG] [REI]  - RecipeManagerContextImpl
[23:00:36] [main/DEBUG] [REI]  - ItemComparatorRegistryImpl
[23:00:36] [main/DEBUG] [REI]  - FluidComparatorRegistryImpl
[23:00:36] [main/DEBUG] [REI]  - DisplaySerializerRegistryImpl
[23:00:36] [main/DEBUG] [REI]  - FluidSupportProviderImpl
[23:00:36] [main/INFO] [REI] Plugins (3):
[23:00:36] [main/INFO] [REI]  - (-100.00) DefaultPluginImpl of DefaultPluginImpl [roughlyenoughitems]
[23:00:36] [main/INFO] [REI]  - (0.00) DefaultRuntimePlugin of DefaultRuntimePlugin [roughlyenoughitems]
[23:00:36] [main/INFO] [REI]  - (0.00) ReiCompat of ReiCompat [travelersbackpack]
[23:00:36] [main/INFO] [REI] @@@@@@@@@@@@@@@@@@@@@@@@@@@@@@@@@@@@@@@@
[23:00:36] [main/TRACE] [REI] [REIPlugin START] Reloading Section: "start-reload/"
[23:00:36] [main/TRACE] [REI] [REIPlugin START] Reloading Section: "start-reload/EntryTypeRegistryImpl/"
[23:00:36] [main/TRACE] [REI] [REIPlugin START] Reloading Section: "start-reload/EntryTypeRegistryImpl/" done in 94.49 μs
[23:00:36] [main/TRACE] [REI] [REIPlugin START] Reloading Section: "start-reload/EntrySettingsAdapterRegistryImpl/"
[23:00:36] [main/TRACE] [REI] [REIPlugin START] Reloading Section: "start-reload/EntrySettingsAdapterRegistryImpl/" done in 67.88 μs
[23:00:36] [main/TRACE] [REI] [REIPlugin START] Reloading Section: "start-reload/RecipeManagerContextImpl/"
[23:00:36] [main/TRACE] [REI] [REIPlugin START] Reloading Section: "start-reload/RecipeManagerContextImpl/" done in 63.90 μs
[23:00:36] [main/TRACE] [REI] [REIPlugin START] Reloading Section: "start-reload/ItemComparatorRegistryImpl/"
[23:00:36] [main/TRACE] [REI] [REIPlugin START] Reloading Section: "start-reload/ItemComparatorRegistryImpl/" done in 75.60 μs
[23:00:36] [main/TRACE] [REI] [REIPlugin START] Reloading Section: "start-reload/FluidComparatorRegistryImpl/"
[23:00:36] [main/TRACE] [REI] [REIPlugin START] Reloading Section: "start-reload/FluidComparatorRegistryImpl/" done in 45.35 μs
[23:00:36] [main/TRACE] [REI] [REIPlugin START] Reloading Section: "start-reload/DisplaySerializerRegistryImpl/"
[23:00:36] [main/TRACE] [REI] [REIPlugin START] Reloading Section: "start-reload/DisplaySerializerRegistryImpl/" done in 50.52 μs
[23:00:36] [main/TRACE] [REI] [REIPlugin START] Reloading Section: "start-reload/FluidSupportProviderImpl/"
[23:00:36] [main/TRACE] [REI] [REIPlugin START] Reloading Section: "start-reload/FluidSupportProviderImpl/" done in 56.12 μs
[23:00:36] [main/TRACE] [REI] [REIPlugin START] Reloading Section: "start-reload/" done in 1.362 ms
[23:00:36] [main/DEBUG] [REI] ========================================
[23:00:36] [main/DEBUG] [REI] REIPlugin started main-reload for START.
[23:00:36] [main/DEBUG] [REI] ========================================
[23:00:36] [main/TRACE] [REI] [REIPlugin START] Reloading Section: "reloadable-plugin/EntryTypeRegistryImpl/"
[23:00:36] [main/TRACE] [REI] [REIPlugin START] Reloading Section: "reloadable-plugin/EntryTypeRegistryImpl/DefaultPluginImpl of DefaultPluginImpl [roughlyenoughitems]/"
[23:00:36] [main/TRACE] [REI] [REIPlugin START] Reloading Section: "reloadable-plugin/EntryTypeRegistryImpl/DefaultPluginImpl of DefaultPluginImpl [roughlyenoughitems]/" done in 203.8 μs
[23:00:36] [main/TRACE] [REI] [REIPlugin START] Reloading Section: "reloadable-plugin/EntryTypeRegistryImpl/DefaultRuntimePlugin of DefaultRuntimePlugin [roughlyenoughitems]/"
[23:00:36] [main/TRACE] [REI] [REIPlugin START] Reloading Section: "reloadable-plugin/EntryTypeRegistryImpl/DefaultRuntimePlugin of DefaultRuntimePlugin [roughlyenoughitems]/" done in 6.504 ms
[23:00:36] [main/TRACE] [REI] [REIPlugin START] Reloading Section: "reloadable-plugin/EntryTypeRegistryImpl/ReiCompat of ReiCompat [travelersbackpack]/"
[23:00:36] [main/TRACE] [REI] [REIPlugin START] Reloading Section: "reloadable-plugin/EntryTypeRegistryImpl/ReiCompat of ReiCompat [travelersbackpack]/" done in 80.15 μs
[23:00:36] [main/TRACE] [REI] [REIPlugin START] Reloading Section: "reloadable-plugin/EntryTypeRegistryImpl/" done in 7.846 ms
[23:00:36] [main/TRACE] [REI] [REIPlugin START] Reloading Section: "reloadable-plugin/EntrySettingsAdapterRegistryImpl/"
[23:00:36] [main/TRACE] [REI] [REIPlugin START] Reloading Section: "reloadable-plugin/EntrySettingsAdapterRegistryImpl/DefaultPluginImpl of DefaultPluginImpl [roughlyenoughitems]/"
[23:00:36] [main/TRACE] [REI] [REIPlugin START] Reloading Section: "reloadable-plugin/EntrySettingsAdapterRegistryImpl/DefaultPluginImpl of DefaultPluginImpl [roughlyenoughitems]/" done in 50.45 μs
[23:00:36] [main/TRACE] [REI] [REIPlugin START] Reloading Section: "reloadable-plugin/EntrySettingsAdapterRegistryImpl/DefaultRuntimePlugin of DefaultRuntimePlugin [roughlyenoughitems]/"
[23:00:36] [main/TRACE] [REI] [REIPlugin START] Reloading Section: "reloadable-plugin/EntrySettingsAdapterRegistryImpl/DefaultRuntimePlugin of DefaultRuntimePlugin [roughlyenoughitems]/" done in 63.35 μs
[23:00:36] [main/TRACE] [REI] [REIPlugin START] Reloading Section: "reloadable-plugin/EntrySettingsAdapterRegistryImpl/ReiCompat of ReiCompat [travelersbackpack]/"
[23:00:36] [main/TRACE] [REI] [REIPlugin START] Reloading Section: "reloadable-plugin/EntrySettingsAdapterRegistryImpl/ReiCompat of ReiCompat [travelersbackpack]/" done in 62.89 μs
[23:00:36] [main/TRACE] [REI] [REIPlugin START] Reloading Section: "reloadable-plugin/EntrySettingsAdapterRegistryImpl/" done in 541.9 μs
[23:00:36] [main/TRACE] [REI] [REIPlugin START] Reloading Section: "reloadable-plugin/RecipeManagerContextImpl/"
[23:00:36] [main/TRACE] [REI] [REIPlugin START] Reloading Section: "reloadable-plugin/RecipeManagerContextImpl/DefaultPluginImpl of DefaultPluginImpl [roughlyenoughitems]/"
[23:00:36] [main/TRACE] [REI] [REIPlugin START] Reloading Section: "reloadable-plugin/RecipeManagerContextImpl/DefaultPluginImpl of DefaultPluginImpl [roughlyenoughitems]/" done in 53.26 μs
[23:00:36] [main/TRACE] [REI] [REIPlugin START] Reloading Section: "reloadable-plugin/RecipeManagerContextImpl/DefaultRuntimePlugin of DefaultRuntimePlugin [roughlyenoughitems]/"
[23:00:36] [main/TRACE] [REI] [REIPlugin START] Reloading Section: "reloadable-plugin/RecipeManagerContextImpl/DefaultRuntimePlugin of DefaultRuntimePlugin [roughlyenoughitems]/" done in 45.03 μs
[23:00:36] [main/TRACE] [REI] [REIPlugin START] Reloading Section: "reloadable-plugin/RecipeManagerContextImpl/ReiCompat of ReiCompat [travelersbackpack]/"
[23:00:36] [main/TRACE] [REI] [REIPlugin START] Reloading Section: "reloadable-plugin/RecipeManagerContextImpl/ReiCompat of ReiCompat [travelersbackpack]/" done in 49.36 μs
[23:00:36] [main/TRACE] [REI] [REIPlugin START] Reloading Section: "reloadable-plugin/RecipeManagerContextImpl/" done in 490.4 μs
[23:00:36] [main/TRACE] [REI] [REIPlugin START] Reloading Section: "reloadable-plugin/ItemComparatorRegistryImpl/"
[23:00:36] [main/TRACE] [REI] [REIPlugin START] Reloading Section: "reloadable-plugin/ItemComparatorRegistryImpl/DefaultPluginImpl of DefaultPluginImpl [roughlyenoughitems]/"
[23:00:36] [main/TRACE] [REI] [REIPlugin START] Reloading Section: "reloadable-plugin/ItemComparatorRegistryImpl/DefaultPluginImpl of DefaultPluginImpl [roughlyenoughitems]/" done in 995.8 μs
[23:00:36] [main/TRACE] [REI] [REIPlugin START] Reloading Section: "reloadable-plugin/ItemComparatorRegistryImpl/DefaultRuntimePlugin of DefaultRuntimePlugin [roughlyenoughitems]/"
[23:00:36] [main/TRACE] [REI] [REIPlugin START] Reloading Section: "reloadable-plugin/ItemComparatorRegistryImpl/DefaultRuntimePlugin of DefaultRuntimePlugin [roughlyenoughitems]/" done in 57.48 μs
[23:00:36] [main/TRACE] [REI] [REIPlugin START] Reloading Section: "reloadable-plugin/ItemComparatorRegistryImpl/ReiCompat of ReiCompat [travelersbackpack]/"
[23:00:36] [main/TRACE] [REI] [REIPlugin START] Reloading Section: "reloadable-plugin/ItemComparatorRegistryImpl/ReiCompat of ReiCompat [travelersbackpack]/" done in 49.65 μs
[23:00:36] [main/TRACE] [REI] [REIPlugin START] Reloading Section: "reloadable-plugin/ItemComparatorRegistryImpl/" done in 1.466 ms
[23:00:36] [main/TRACE] [REI] [REIPlugin START] Reloading Section: "reloadable-plugin/FluidComparatorRegistryImpl/"
[23:00:36] [main/TRACE] [REI] [REIPlugin START] Reloading Section: "reloadable-plugin/FluidComparatorRegistryImpl/DefaultPluginImpl of DefaultPluginImpl [roughlyenoughitems]/"
[23:00:36] [main/TRACE] [REI] [REIPlugin START] Reloading Section: "reloadable-plugin/FluidComparatorRegistryImpl/DefaultPluginImpl of DefaultPluginImpl [roughlyenoughitems]/" done in 63.73 μs
[23:00:36] [main/TRACE] [REI] [REIPlugin START] Reloading Section: "reloadable-plugin/FluidComparatorRegistryImpl/DefaultRuntimePlugin of DefaultRuntimePlugin [roughlyenoughitems]/"
[23:00:36] [main/TRACE] [REI] [REIPlugin START] Reloading Section: "reloadable-plugin/FluidComparatorRegistryImpl/DefaultRuntimePlugin of DefaultRuntimePlugin [roughlyenoughitems]/" done in 55.69 μs
[23:00:36] [main/TRACE] [REI] [REIPlugin START] Reloading Section: "reloadable-plugin/FluidComparatorRegistryImpl/ReiCompat of ReiCompat [travelersbackpack]/"
[23:00:36] [main/TRACE] [REI] [REIPlugin START] Reloading Section: "reloadable-plugin/FluidComparatorRegistryImpl/ReiCompat of ReiCompat [travelersbackpack]/" done in 46.44 μs
[23:00:36] [main/TRACE] [REI] [REIPlugin START] Reloading Section: "reloadable-plugin/FluidComparatorRegistryImpl/" done in 500.2 μs
[23:00:36] [main/TRACE] [REI] [REIPlugin START] Reloading Section: "reloadable-plugin/DisplaySerializerRegistryImpl/"
[23:00:36] [main/TRACE] [REI] [REIPlugin START] Reloading Section: "reloadable-plugin/DisplaySerializerRegistryImpl/DefaultPluginImpl of DefaultPluginImpl [roughlyenoughitems]/"
[23:00:36] [main/TRACE] [REI] [REIPlugin START] Reloading Section: "reloadable-plugin/DisplaySerializerRegistryImpl/DefaultPluginImpl of DefaultPluginImpl [roughlyenoughitems]/" done in 54.63 μs
[23:00:36] [main/TRACE] [REI] [REIPlugin START] Reloading Section: "reloadable-plugin/DisplaySerializerRegistryImpl/DefaultRuntimePlugin of DefaultRuntimePlugin [roughlyenoughitems]/"
[23:00:36] [main/TRACE] [REI] [REIPlugin START] Reloading Section: "reloadable-plugin/DisplaySerializerRegistryImpl/DefaultRuntimePlugin of DefaultRuntimePlugin [roughlyenoughitems]/" done in 54.43 μs
[23:00:36] [main/TRACE] [REI] [REIPlugin START] Reloading Section: "reloadable-plugin/DisplaySerializerRegistryImpl/ReiCompat of ReiCompat [travelersbackpack]/"
[23:00:36] [main/TRACE] [REI] [REIPlugin START] Reloading Section: "reloadable-plugin/DisplaySerializerRegistryImpl/ReiCompat of ReiCompat [travelersbackpack]/" done in 58.86 μs
[23:00:36] [main/TRACE] [REI] [REIPlugin START] Reloading Section: "reloadable-plugin/DisplaySerializerRegistryImpl/" done in 505.8 μs
[23:00:36] [main/TRACE] [REI] [REIPlugin START] Reloading Section: "reloadable-plugin/FluidSupportProviderImpl/"
[23:00:36] [main/TRACE] [REI] [REIPlugin START] Reloading Section: "reloadable-plugin/FluidSupportProviderImpl/DefaultPluginImpl of DefaultPluginImpl [roughlyenoughitems]/"
[23:00:36] [main/TRACE] [REI] [REIPlugin START] Reloading Section: "reloadable-plugin/FluidSupportProviderImpl/DefaultPluginImpl of DefaultPluginImpl [roughlyenoughitems]/" done in 1.071 ms
[23:00:36] [main/TRACE] [REI] [REIPlugin START] Reloading Section: "reloadable-plugin/FluidSupportProviderImpl/DefaultRuntimePlugin of DefaultRuntimePlugin [roughlyenoughitems]/"
[23:00:36] [main/TRACE] [REI] [REIPlugin START] Reloading Section: "reloadable-plugin/FluidSupportProviderImpl/DefaultRuntimePlugin of DefaultRuntimePlugin [roughlyenoughitems]/" done in 154.6 μs
[23:00:36] [main/TRACE] [REI] [REIPlugin START] Reloading Section: "reloadable-plugin/FluidSupportProviderImpl/ReiCompat of ReiCompat [travelersbackpack]/"
[23:00:36] [main/TRACE] [REI] [REIPlugin START] Reloading Section: "reloadable-plugin/FluidSupportProviderImpl/ReiCompat of ReiCompat [travelersbackpack]/" done in 150.0 μs
[23:00:36] [main/TRACE] [REI] [REIPlugin START] Reloading Section: "reloadable-plugin/FluidSupportProviderImpl/" done in 1.949 ms
[23:00:36] [main/DEBUG] [REI] ========================================
[23:00:36] [main/DEBUG] [REI] REIPlugin ending main-reload for START.
[23:00:36] [main/DEBUG] [REI] ========================================
[23:00:36] [main/TRACE] [REI] [REIPlugin START] Reloading Section: "end-reload/"
[23:00:36] [main/TRACE] [REI] [REIPlugin START] Reloading Section: "end-reload/EntryTypeRegistryImpl/"
[23:00:36] [main/TRACE] [REI] [REIPlugin START] Reloading Section: "end-reload/EntryTypeRegistryImpl/" done in 142.9 μs
[23:00:36] [main/TRACE] [REI] [REIPlugin START] Reloading Section: "end-reload/EntrySettingsAdapterRegistryImpl/"
[23:00:36] [main/TRACE] [REI] [REIPlugin START] Reloading Section: "end-reload/EntrySettingsAdapterRegistryImpl/" done in 126.8 μs
[23:00:36] [main/TRACE] [REI] [REIPlugin START] Reloading Section: "end-reload/RecipeManagerContextImpl/"
[23:00:36] [main/TRACE] [REI] [REIPlugin START] Reloading Section: "end-reload/RecipeManagerContextImpl/" done in 140.1 μs
[23:00:36] [main/TRACE] [REI] [REIPlugin START] Reloading Section: "end-reload/ItemComparatorRegistryImpl/"
[23:00:36] [main/TRACE] [REI] [REIPlugin START] Reloading Section: "end-reload/ItemComparatorRegistryImpl/" done in 139.5 μs
[23:00:36] [main/TRACE] [REI] [REIPlugin START] Reloading Section: "end-reload/FluidComparatorRegistryImpl/"
[23:00:36] [main/TRACE] [REI] [REIPlugin START] Reloading Section: "end-reload/FluidComparatorRegistryImpl/" done in 190.7 μs
[23:00:36] [main/TRACE] [REI] [REIPlugin START] Reloading Section: "end-reload/DisplaySerializerRegistryImpl/"
[23:00:36] [main/TRACE] [REI] [REIPlugin START] Reloading Section: "end-reload/DisplaySerializerRegistryImpl/" done in 51.54 μs
[23:00:36] [main/TRACE] [REI] [REIPlugin START] Reloading Section: "end-reload/FluidSupportProviderImpl/"
[23:00:36] [main/TRACE] [REI] [REIPlugin START] Reloading Section: "end-reload/FluidSupportProviderImpl/" done in 49.16 μs
[23:00:36] [main/TRACE] [REI] [REIPlugin START] Reloading Section: "end-reload/" done in 2.039 ms
[23:00:36] [main/DEBUG] [REI] ========================================
[23:00:36] [main/DEBUG] [REI] REIPlugin ended main-reload for START in 21.14 ms.
[23:00:36] [main/DEBUG] [REI] ========================================
[23:00:36] [main/INFO] [REI] @@@@@@@@@@@@@@@@@@@@@@@@@@@@@@@@@@@@@@@@
[23:00:36] [main/INFO] [REI] REIServerPlugin starting main-reload for START.
[23:00:36] [main/DEBUG] [REI] Reloadables (2):
[23:00:36] [main/DEBUG] [REI]  - MenuInfoRegistryImpl
[23:00:36] [main/DEBUG] [REI]  - SlotAccessorRegistryImpl
[23:00:36] [main/INFO] [REI] Plugins (3):
[23:00:36] [main/INFO] [REI]  - (-100.00) DefaultPluginImpl of DefaultPluginImpl [roughlyenoughitems]
[23:00:36] [main/INFO] [REI]  - (0.00) ReiCompat of ReiCompat [travelersbackpack]
[23:00:36] [main/INFO] [REI]  - (0.00) DefaultRuntimePlugin of DefaultRuntimePlugin [roughlyenoughitems]
[23:00:36] [main/INFO] [REI] @@@@@@@@@@@@@@@@@@@@@@@@@@@@@@@@@@@@@@@@
[23:00:36] [main/TRACE] [REI] [REIServerPlugin START] Reloading Section: "start-reload/"
[23:00:36] [main/TRACE] [REI] [REIServerPlugin START] Reloading Section: "start-reload/MenuInfoRegistryImpl/"
[23:00:36] [main/TRACE] [REI] [REIServerPlugin START] Reloading Section: "start-reload/MenuInfoRegistryImpl/" done in 50.05 μs
[23:00:36] [main/TRACE] [REI] [REIServerPlugin START] Reloading Section: "start-reload/SlotAccessorRegistryImpl/"
[23:00:36] [main/TRACE] [REI] [REIServerPlugin START] Reloading Section: "start-reload/SlotAccessorRegistryImpl/" done in 54.80 μs
[23:00:36] [main/TRACE] [REI] [REIServerPlugin START] Reloading Section: "start-reload/" done in 353.3 μs
[23:00:36] [main/DEBUG] [REI] ========================================
[23:00:36] [main/DEBUG] [REI] REIServerPlugin started main-reload for START.
[23:00:36] [main/DEBUG] [REI] ========================================
[23:00:36] [main/TRACE] [REI] [REIServerPlugin START] Reloading Section: "reloadable-plugin/MenuInfoRegistryImpl/"
[23:00:36] [main/TRACE] [REI] [REIServerPlugin START] Reloading Section: "reloadable-plugin/MenuInfoRegistryImpl/DefaultPluginImpl of DefaultPluginImpl [roughlyenoughitems]/"
[23:00:36] [main/TRACE] [REI] [REIServerPlugin START] Reloading Section: "reloadable-plugin/MenuInfoRegistryImpl/DefaultPluginImpl of DefaultPluginImpl [roughlyenoughitems]/" done in 52.09 μs
[23:00:36] [main/TRACE] [REI] [REIServerPlugin START] Reloading Section: "reloadable-plugin/MenuInfoRegistryImpl/ReiCompat of ReiCompat [travelersbackpack]/"
[23:00:36] [main/TRACE] [REI] [REIServerPlugin START] Reloading Section: "reloadable-plugin/MenuInfoRegistryImpl/ReiCompat of ReiCompat [travelersbackpack]/" done in 54.00 μs
[23:00:36] [main/TRACE] [REI] [REIServerPlugin START] Reloading Section: "reloadable-plugin/MenuInfoRegistryImpl/DefaultRuntimePlugin of DefaultRuntimePlugin [roughlyenoughitems]/"
[23:00:36] [main/TRACE] [REI] [REIServerPlugin START] Reloading Section: "reloadable-plugin/MenuInfoRegistryImpl/DefaultRuntimePlugin of DefaultRuntimePlugin [roughlyenoughitems]/" done in 48.88 μs
[23:00:36] [main/TRACE] [REI] [REIServerPlugin START] Reloading Section: "reloadable-plugin/MenuInfoRegistryImpl/" done in 494.9 μs
[23:00:36] [main/TRACE] [REI] [REIServerPlugin START] Reloading Section: "reloadable-plugin/SlotAccessorRegistryImpl/"
[23:00:36] [main/TRACE] [REI] [REIServerPlugin START] Reloading Section: "reloadable-plugin/SlotAccessorRegistryImpl/DefaultPluginImpl of DefaultPluginImpl [roughlyenoughitems]/"
[23:00:36] [main/TRACE] [REI] [REIServerPlugin START] Reloading Section: "reloadable-plugin/SlotAccessorRegistryImpl/DefaultPluginImpl of DefaultPluginImpl [roughlyenoughitems]/" done in 64.52 μs
[23:00:36] [main/TRACE] [REI] [REIServerPlugin START] Reloading Section: "reloadable-plugin/SlotAccessorRegistryImpl/ReiCompat of ReiCompat [travelersbackpack]/"
[23:00:36] [main/TRACE] [REI] [REIServerPlugin START] Reloading Section: "reloadable-plugin/SlotAccessorRegistryImpl/ReiCompat of ReiCompat [travelersbackpack]/" done in 50.11 μs
[23:00:36] [main/TRACE] [REI] [REIServerPlugin START] Reloading Section: "reloadable-plugin/SlotAccessorRegistryImpl/DefaultRuntimePlugin of DefaultRuntimePlugin [roughlyenoughitems]/"
[23:00:36] [main/TRACE] [REI] [REIServerPlugin START] Reloading Section: "reloadable-plugin/SlotAccessorRegistryImpl/DefaultRuntimePlugin of DefaultRuntimePlugin [roughlyenoughitems]/" done in 47.21 μs
[23:00:36] [main/TRACE] [REI] [REIServerPlugin START] Reloading Section: "reloadable-plugin/SlotAccessorRegistryImpl/" done in 481.8 μs
[23:00:36] [main/DEBUG] [REI] ========================================
[23:00:36] [main/DEBUG] [REI] REIServerPlugin ending main-reload for START.
[23:00:36] [main/DEBUG] [REI] ========================================
[23:00:36] [main/TRACE] [REI] [REIServerPlugin START] Reloading Section: "end-reload/"
[23:00:36] [main/TRACE] [REI] [REIServerPlugin START] Reloading Section: "end-reload/MenuInfoRegistryImpl/"
[23:00:36] [main/TRACE] [REI] [REIServerPlugin START] Reloading Section: "end-reload/MenuInfoRegistryImpl/" done in 53.90 μs
[23:00:36] [main/TRACE] [REI] [REIServerPlugin START] Reloading Section: "end-reload/SlotAccessorRegistryImpl/"
[23:00:36] [main/TRACE] [REI] [REIServerPlugin START] Reloading Section: "end-reload/SlotAccessorRegistryImpl/" done in 42.75 μs
[23:00:36] [main/TRACE] [REI] [REIServerPlugin START] Reloading Section: "end-reload/" done in 298.0 μs
[23:00:36] [main/DEBUG] [REI] ========================================
[23:00:36] [main/DEBUG] [REI] REIServerPlugin ended main-reload for START in 3.807 ms.
[23:00:36] [main/DEBUG] [REI] ========================================
[23:00:36] [main/DEBUG] [REI] ========================================
[23:00:36] [main/DEBUG] [REI] REIPlugin starting post-reload for START.
[23:00:36] [main/DEBUG] [REI] Reloadables (7):
[23:00:36] [main/DEBUG] [REI]  - EntryTypeRegistryImpl
[23:00:36] [main/DEBUG] [REI]  - EntrySettingsAdapterRegistryImpl
[23:00:36] [main/DEBUG] [REI]  - RecipeManagerContextImpl
[23:00:36] [main/DEBUG] [REI]  - ItemComparatorRegistryImpl
[23:00:36] [main/DEBUG] [REI]  - FluidComparatorRegistryImpl
[23:00:36] [main/DEBUG] [REI]  - DisplaySerializerRegistryImpl
[23:00:36] [main/DEBUG] [REI]  - FluidSupportProviderImpl
[23:00:36] [main/DEBUG] [REI] Plugins (3):
[23:00:36] [main/DEBUG] [REI]  - (-100.00) DefaultPluginImpl of DefaultPluginImpl [roughlyenoughitems]
[23:00:36] [main/DEBUG] [REI]  - (0.00) DefaultRuntimePlugin of DefaultRuntimePlugin [roughlyenoughitems]
[23:00:36] [main/DEBUG] [REI]  - (0.00) ReiCompat of ReiCompat [travelersbackpack]
[23:00:36] [main/DEBUG] [REI] ========================================
[23:00:36] [main/TRACE] [REI] [REIPlugin START] Reloading Section: "post-register/"
[23:00:36] [main/TRACE] [REI] [REIPlugin START] Reloading Section: "post-register/DefaultPluginImpl of DefaultPluginImpl [roughlyenoughitems]/"
[23:00:36] [main/TRACE] [REI] [REIPlugin START] Reloading Section: "post-register/DefaultPluginImpl of DefaultPluginImpl [roughlyenoughitems]/" done in 247.1 μs
[23:00:36] [main/TRACE] [REI] [REIPlugin START] Reloading Section: "post-register/DefaultRuntimePlugin of DefaultRuntimePlugin [roughlyenoughitems]/"
[23:00:36] [main/TRACE] [REI] [REIPlugin START] Reloading Section: "post-register/DefaultRuntimePlugin of DefaultRuntimePlugin [roughlyenoughitems]/" done in 70.19 μs
[23:00:36] [main/TRACE] [REI] [REIPlugin START] Reloading Section: "post-register/ReiCompat of ReiCompat [travelersbackpack]/"
[23:00:36] [main/TRACE] [REI] [REIPlugin START] Reloading Section: "post-register/ReiCompat of ReiCompat [travelersbackpack]/" done in 44.08 μs
[23:00:36] [main/TRACE] [REI] [REIPlugin START] Reloading Section: "post-register/" done in 861.5 μs
[23:00:36] [main/TRACE] [REI] [REIPlugin START] Reloading Section: "post-stage/"
[23:00:36] [main/TRACE] [REI] [REIPlugin START] Reloading Section: "post-stage/EntryTypeRegistryImpl/"
[23:00:36] [main/TRACE] [REI] [REIPlugin START] Reloading Section: "post-stage/EntryTypeRegistryImpl/" done in 52.46 μs
[23:00:36] [main/TRACE] [REI] [REIPlugin START] Reloading Section: "post-stage/EntrySettingsAdapterRegistryImpl/"
[23:00:36] [main/TRACE] [REI] [REIPlugin START] Reloading Section: "post-stage/EntrySettingsAdapterRegistryImpl/" done in 52.21 μs
[23:00:36] [main/TRACE] [REI] [REIPlugin START] Reloading Section: "post-stage/RecipeManagerContextImpl/"
[23:00:36] [main/TRACE] [REI] [REIPlugin START] Reloading Section: "post-stage/RecipeManagerContextImpl/" done in 39.90 μs
[23:00:36] [main/TRACE] [REI] [REIPlugin START] Reloading Section: "post-stage/ItemComparatorRegistryImpl/"
[23:00:36] [main/TRACE] [REI] [REIPlugin START] Reloading Section: "post-stage/ItemComparatorRegistryImpl/" done in 39.90 μs
[23:00:36] [main/TRACE] [REI] [REIPlugin START] Reloading Section: "post-stage/FluidComparatorRegistryImpl/"
[23:00:36] [main/TRACE] [REI] [REIPlugin START] Reloading Section: "post-stage/FluidComparatorRegistryImpl/" done in 40.00 μs
[23:00:36] [main/TRACE] [REI] [REIPlugin START] Reloading Section: "post-stage/DisplaySerializerRegistryImpl/"
[23:00:36] [main/TRACE] [REI] [REIPlugin START] Reloading Section: "post-stage/DisplaySerializerRegistryImpl/" done in 37.04 μs
[23:00:36] [main/TRACE] [REI] [REIPlugin START] Reloading Section: "post-stage/FluidSupportProviderImpl/"
[23:00:36] [main/TRACE] [REI] [REIPlugin START] Reloading Section: "post-stage/FluidSupportProviderImpl/" done in 40.03 μs
[23:00:36] [main/TRACE] [REI] [REIPlugin START] Reloading Section: "post-stage/" done in 892.6 μs
[23:00:36] [main/DEBUG] [REI] ========================================
[23:00:36] [main/INFO] [REI] REIPlugin finished post-reload for START in 1.893 ms, totaling 32.51 ms.
[23:00:36] [main/DEBUG] [REI] ========================================
[23:00:36] [main/DEBUG] [REI] ========================================
[23:00:36] [main/DEBUG] [REI] REIServerPlugin starting post-reload for START.
[23:00:36] [main/DEBUG] [REI] Reloadables (2):
[23:00:36] [main/DEBUG] [REI]  - MenuInfoRegistryImpl
[23:00:36] [main/DEBUG] [REI]  - SlotAccessorRegistryImpl
[23:00:36] [main/DEBUG] [REI] Plugins (3):
[23:00:36] [main/DEBUG] [REI]  - (-100.00) DefaultPluginImpl of DefaultPluginImpl [roughlyenoughitems]
[23:00:36] [main/DEBUG] [REI]  - (0.00) ReiCompat of ReiCompat [travelersbackpack]
[23:00:36] [main/DEBUG] [REI]  - (0.00) DefaultRuntimePlugin of DefaultRuntimePlugin [roughlyenoughitems]
[23:00:36] [main/DEBUG] [REI] ========================================
[23:00:36] [main/TRACE] [REI] [REIServerPlugin START] Reloading Section: "post-register/"
[23:00:36] [main/TRACE] [REI] [REIServerPlugin START] Reloading Section: "post-register/DefaultPluginImpl of DefaultPluginImpl [roughlyenoughitems]/"
[23:00:36] [main/TRACE] [REI] [REIServerPlugin START] Reloading Section: "post-register/DefaultPluginImpl of DefaultPluginImpl [roughlyenoughitems]/" done in 57.96 μs
[23:00:36] [main/TRACE] [REI] [REIServerPlugin START] Reloading Section: "post-register/ReiCompat of ReiCompat [travelersbackpack]/"
[23:00:36] [main/TRACE] [REI] [REIServerPlugin START] Reloading Section: "post-register/ReiCompat of ReiCompat [travelersbackpack]/" done in 45.13 μs
[23:00:36] [main/TRACE] [REI] [REIServerPlugin START] Reloading Section: "post-register/DefaultRuntimePlugin of DefaultRuntimePlugin [roughlyenoughitems]/"
[23:00:36] [main/TRACE] [REI] [REIServerPlugin START] Reloading Section: "post-register/DefaultRuntimePlugin of DefaultRuntimePlugin [roughlyenoughitems]/" done in 73.11 μs
[23:00:36] [main/TRACE] [REI] [REIServerPlugin START] Reloading Section: "post-register/" done in 470.0 μs
[23:00:36] [main/TRACE] [REI] [REIServerPlugin START] Reloading Section: "post-stage/"
[23:00:36] [main/TRACE] [REI] [REIServerPlugin START] Reloading Section: "post-stage/MenuInfoRegistryImpl/"
[23:00:36] [main/TRACE] [REI] [REIServerPlugin START] Reloading Section: "post-stage/MenuInfoRegistryImpl/" done in 39.34 μs
[23:00:36] [main/TRACE] [REI] [REIServerPlugin START] Reloading Section: "post-stage/SlotAccessorRegistryImpl/"
[23:00:36] [main/TRACE] [REI] [REIServerPlugin START] Reloading Section: "post-stage/SlotAccessorRegistryImpl/" done in 38.82 μs
[23:00:36] [main/TRACE] [REI] [REIServerPlugin START] Reloading Section: "post-stage/" done in 252.0 μs
[23:00:36] [main/DEBUG] [REI] ========================================
[23:00:36] [main/INFO] [REI] REIServerPlugin finished post-reload for START in 845.3 μs, totaling 5.548 ms.
[23:00:36] [main/DEBUG] [REI] ========================================
[23:00:36] [main/DEBUG] [REI] ========================================
[23:00:36] [main/DEBUG] [REI] REIPlugin starting pre-reload for END.
[23:00:36] [main/DEBUG] [REI] Reloadables (7):
[23:00:36] [main/DEBUG] [REI]  - EntryTypeRegistryImpl
[23:00:36] [main/DEBUG] [REI]  - EntrySettingsAdapterRegistryImpl
[23:00:36] [main/DEBUG] [REI]  - RecipeManagerContextImpl
[23:00:36] [main/DEBUG] [REI]  - ItemComparatorRegistryImpl
[23:00:36] [main/DEBUG] [REI]  - FluidComparatorRegistryImpl
[23:00:36] [main/DEBUG] [REI]  - DisplaySerializerRegistryImpl
[23:00:36] [main/DEBUG] [REI]  - FluidSupportProviderImpl
[23:00:36] [main/DEBUG] [REI] Plugins (3):
[23:00:36] [main/DEBUG] [REI]  - (-100.00) DefaultPluginImpl of DefaultPluginImpl [roughlyenoughitems]
[23:00:36] [main/DEBUG] [REI]  - (0.00) DefaultRuntimePlugin of DefaultRuntimePlugin [roughlyenoughitems]
[23:00:36] [main/DEBUG] [REI]  - (0.00) ReiCompat of ReiCompat [travelersbackpack]
[23:00:36] [main/DEBUG] [REI] ========================================
[23:00:36] [main/TRACE] [REI] [REIPlugin END] Reloading Section: "pre-register/"
[23:00:36] [main/TRACE] [REI] [REIPlugin END] Reloading Section: "pre-register/DefaultPluginImpl of DefaultPluginImpl [roughlyenoughitems]/"
[23:00:36] [main/TRACE] [REI] [REIPlugin END] Reloading Section: "pre-register/DefaultPluginImpl of DefaultPluginImpl [roughlyenoughitems]/" done in 44.17 μs
[23:00:36] [main/TRACE] [REI] [REIPlugin END] Reloading Section: "pre-register/DefaultRuntimePlugin of DefaultRuntimePlugin [roughlyenoughitems]/"
[23:00:36] [main/TRACE] [REI] [REIPlugin END] Reloading Section: "pre-register/DefaultRuntimePlugin of DefaultRuntimePlugin [roughlyenoughitems]/" done in 36.97 μs
[23:00:36] [main/TRACE] [REI] [REIPlugin END] Reloading Section: "pre-register/ReiCompat of ReiCompat [travelersbackpack]/"
[23:00:36] [main/TRACE] [REI] [REIPlugin END] Reloading Section: "pre-register/ReiCompat of ReiCompat [travelersbackpack]/" done in 42.07 μs
[23:00:36] [main/TRACE] [REI] [REIPlugin END] Reloading Section: "pre-register/" done in 418.4 μs
[23:00:36] [main/TRACE] [REI] [REIPlugin END] Reloading Section: "pre-stage/"
[23:00:36] [main/TRACE] [REI] [REIPlugin END] Reloading Section: "pre-stage/EntryTypeRegistryImpl/"
[23:00:36] [main/TRACE] [REI] [REIPlugin END] Reloading Section: "pre-stage/EntryTypeRegistryImpl/" done in 39.95 μs
[23:00:36] [main/TRACE] [REI] [REIPlugin END] Reloading Section: "pre-stage/EntrySettingsAdapterRegistryImpl/"
[23:00:36] [main/TRACE] [REI] [REIPlugin END] Reloading Section: "pre-stage/EntrySettingsAdapterRegistryImpl/" done in 41.27 μs
[23:00:36] [main/TRACE] [REI] [REIPlugin END] Reloading Section: "pre-stage/RecipeManagerContextImpl/"
[23:00:36] [main/TRACE] [REI] [REIPlugin END] Reloading Section: "pre-stage/RecipeManagerContextImpl/" done in 39.87 μs
[23:00:36] [main/TRACE] [REI] [REIPlugin END] Reloading Section: "pre-stage/ItemComparatorRegistryImpl/"
[23:00:36] [main/TRACE] [REI] [REIPlugin END] Reloading Section: "pre-stage/ItemComparatorRegistryImpl/" done in 40.33 μs
[23:00:36] [main/TRACE] [REI] [REIPlugin END] Reloading Section: "pre-stage/FluidComparatorRegistryImpl/"
[23:00:36] [main/TRACE] [REI] [REIPlugin END] Reloading Section: "pre-stage/FluidComparatorRegistryImpl/" done in 39.08 μs
[23:00:36] [main/TRACE] [REI] [REIPlugin END] Reloading Section: "pre-stage/DisplaySerializerRegistryImpl/"
[23:00:36] [main/TRACE] [REI] [REIPlugin END] Reloading Section: "pre-stage/DisplaySerializerRegistryImpl/" done in 46.47 μs
[23:00:36] [main/TRACE] [REI] [REIPlugin END] Reloading Section: "pre-stage/FluidSupportProviderImpl/"
[23:00:36] [main/TRACE] [REI] [REIPlugin END] Reloading Section: "pre-stage/FluidSupportProviderImpl/" done in 38.21 μs
[23:00:36] [main/TRACE] [REI] [REIPlugin END] Reloading Section: "pre-stage/" done in 846.2 μs
[23:00:36] [main/DEBUG] [REI] ========================================
[23:00:36] [main/DEBUG] [REI] REIPlugin finished pre-reload for END in 1.391 ms.
[23:00:36] [main/DEBUG] [REI] ========================================
[23:00:36] [main/DEBUG] [REI] ========================================
[23:00:36] [main/DEBUG] [REI] REIServerPlugin starting pre-reload for END.
[23:00:36] [main/DEBUG] [REI] Reloadables (2):
[23:00:36] [main/DEBUG] [REI]  - MenuInfoRegistryImpl
[23:00:36] [main/DEBUG] [REI]  - SlotAccessorRegistryImpl
[23:00:36] [main/DEBUG] [REI] Plugins (3):
[23:00:36] [main/DEBUG] [REI]  - (-100.00) DefaultPluginImpl of DefaultPluginImpl [roughlyenoughitems]
[23:00:36] [main/DEBUG] [REI]  - (0.00) ReiCompat of ReiCompat [travelersbackpack]
[23:00:36] [main/DEBUG] [REI]  - (0.00) DefaultRuntimePlugin of DefaultRuntimePlugin [roughlyenoughitems]
[23:00:36] [main/DEBUG] [REI] ========================================
[23:00:36] [main/TRACE] [REI] [REIServerPlugin END] Reloading Section: "pre-register/"
[23:00:36] [main/TRACE] [REI] [REIServerPlugin END] Reloading Section: "pre-register/DefaultPluginImpl of DefaultPluginImpl [roughlyenoughitems]/"
[23:00:36] [main/TRACE] [REI] [REIServerPlugin END] Reloading Section: "pre-register/DefaultPluginImpl of DefaultPluginImpl [roughlyenoughitems]/" done in 42.17 μs
[23:00:36] [main/TRACE] [REI] [REIServerPlugin END] Reloading Section: "pre-register/ReiCompat of ReiCompat [travelersbackpack]/"
[23:00:36] [main/TRACE] [REI] [REIServerPlugin END] Reloading Section: "pre-register/ReiCompat of ReiCompat [travelersbackpack]/" done in 41.96 μs
[23:00:36] [main/TRACE] [REI] [REIServerPlugin END] Reloading Section: "pre-register/DefaultRuntimePlugin of DefaultRuntimePlugin [roughlyenoughitems]/"
[23:00:36] [main/TRACE] [REI] [REIServerPlugin END] Reloading Section: "pre-register/DefaultRuntimePlugin of DefaultRuntimePlugin [roughlyenoughitems]/" done in 36.45 μs
[23:00:36] [main/TRACE] [REI] [REIServerPlugin END] Reloading Section: "pre-register/" done in 399.8 μs
[23:00:36] [main/TRACE] [REI] [REIServerPlugin END] Reloading Section: "pre-stage/"
[23:00:36] [main/TRACE] [REI] [REIServerPlugin END] Reloading Section: "pre-stage/MenuInfoRegistryImpl/"
[23:00:36] [main/TRACE] [REI] [REIServerPlugin END] Reloading Section: "pre-stage/MenuInfoRegistryImpl/" done in 39.07 μs
[23:00:36] [main/TRACE] [REI] [REIServerPlugin END] Reloading Section: "pre-stage/SlotAccessorRegistryImpl/"
[23:00:36] [main/TRACE] [REI] [REIServerPlugin END] Reloading Section: "pre-stage/SlotAccessorRegistryImpl/" done in 39.45 μs
[23:00:36] [main/TRACE] [REI] [REIServerPlugin END] Reloading Section: "pre-stage/" done in 241.9 μs
[23:00:36] [main/DEBUG] [REI] ========================================
[23:00:36] [main/DEBUG] [REI] REIServerPlugin finished pre-reload for END in 755.2 μs.
[23:00:36] [main/DEBUG] [REI] ========================================
[23:00:36] [main/INFO] [REI] %%%%%%%%%%%%%%%%%%%%%%%%%%%%%%%%%%%%%%%%
[23:00:36] [main/INFO] [REI] REIPlugin starting main-reload for END.
[23:00:36] [main/DEBUG] [REI] Reloadables (7):
[23:00:36] [main/DEBUG] [REI]  - EntryTypeRegistryImpl
[23:00:36] [main/DEBUG] [REI]  - EntrySettingsAdapterRegistryImpl
[23:00:36] [main/DEBUG] [REI]  - RecipeManagerContextImpl
[23:00:36] [main/DEBUG] [REI]  - ItemComparatorRegistryImpl
[23:00:36] [main/DEBUG] [REI]  - FluidComparatorRegistryImpl
[23:00:36] [main/DEBUG] [REI]  - DisplaySerializerRegistryImpl
[23:00:36] [main/DEBUG] [REI]  - FluidSupportProviderImpl
[23:00:36] [main/INFO] [REI] Plugins (3):
[23:00:36] [main/INFO] [REI]  - (-100.00) DefaultPluginImpl of DefaultPluginImpl [roughlyenoughitems]
[23:00:36] [main/INFO] [REI]  - (0.00) DefaultRuntimePlugin of DefaultRuntimePlugin [roughlyenoughitems]
[23:00:36] [main/INFO] [REI]  - (0.00) ReiCompat of ReiCompat [travelersbackpack]
[23:00:36] [main/INFO] [REI] %%%%%%%%%%%%%%%%%%%%%%%%%%%%%%%%%%%%%%%%
[23:00:36] [main/TRACE] [REI] [REIPlugin END] Reloading Section: "start-reload/"
[23:00:36] [main/TRACE] [REI] [REIPlugin END] Reloading Section: "start-reload/EntryTypeRegistryImpl/"
[23:00:36] [main/TRACE] [REI] [REIPlugin END] Reloading Section: "start-reload/EntryTypeRegistryImpl/" done in 37.12 μs
[23:00:36] [main/TRACE] [REI] [REIPlugin END] Reloading Section: "start-reload/EntrySettingsAdapterRegistryImpl/"
[23:00:36] [main/TRACE] [REI] [REIPlugin END] Reloading Section: "start-reload/EntrySettingsAdapterRegistryImpl/" done in 58.92 μs
[23:00:36] [main/TRACE] [REI] [REIPlugin END] Reloading Section: "start-reload/RecipeManagerContextImpl/"
[23:00:36] [main/TRACE] [REI] [REIPlugin END] Reloading Section: "start-reload/RecipeManagerContextImpl/" done in 36.35 μs
[23:00:36] [main/TRACE] [REI] [REIPlugin END] Reloading Section: "start-reload/ItemComparatorRegistryImpl/"
[23:00:36] [main/TRACE] [REI] [REIPlugin END] Reloading Section: "start-reload/ItemComparatorRegistryImpl/" done in 37.17 μs
[23:00:36] [main/TRACE] [REI] [REIPlugin END] Reloading Section: "start-reload/FluidComparatorRegistryImpl/"
[23:00:36] [main/TRACE] [REI] [REIPlugin END] Reloading Section: "start-reload/FluidComparatorRegistryImpl/" done in 35.74 μs
[23:00:36] [main/TRACE] [REI] [REIPlugin END] Reloading Section: "start-reload/DisplaySerializerRegistryImpl/"
[23:00:36] [main/TRACE] [REI] [REIPlugin END] Reloading Section: "start-reload/DisplaySerializerRegistryImpl/" done in 60.54 μs
[23:00:36] [main/TRACE] [REI] [REIPlugin END] Reloading Section: "start-reload/FluidSupportProviderImpl/"
[23:00:36] [main/TRACE] [REI] [REIPlugin END] Reloading Section: "start-reload/FluidSupportProviderImpl/" done in 37.11 μs
[23:00:36] [main/TRACE] [REI] [REIPlugin END] Reloading Section: "start-reload/" done in 854.1 μs
[23:00:36] [main/DEBUG] [REI] ========================================
[23:00:36] [main/DEBUG] [REI] REIPlugin started main-reload for END.
[23:00:36] [main/DEBUG] [REI] ========================================
[23:00:36] [main/TRACE] [REI] [REIPlugin END] Reloading Section: "reloadable-plugin/EntryTypeRegistryImpl/"
[23:00:36] [main/TRACE] [REI] [REIPlugin END] Reloading Section: "reloadable-plugin/EntryTypeRegistryImpl/DefaultPluginImpl of DefaultPluginImpl [roughlyenoughitems]/"
[23:00:36] [main/TRACE] [REI] [REIPlugin END] Reloading Section: "reloadable-plugin/EntryTypeRegistryImpl/DefaultPluginImpl of DefaultPluginImpl [roughlyenoughitems]/" done in 40.38 μs
[23:00:36] [main/TRACE] [REI] [REIPlugin END] Reloading Section: "reloadable-plugin/EntryTypeRegistryImpl/DefaultRuntimePlugin of DefaultRuntimePlugin [roughlyenoughitems]/"
[23:00:36] [main/TRACE] [REI] [REIPlugin END] Reloading Section: "reloadable-plugin/EntryTypeRegistryImpl/DefaultRuntimePlugin of DefaultRuntimePlugin [roughlyenoughitems]/" done in 43.10 μs
[23:00:36] [main/TRACE] [REI] [REIPlugin END] Reloading Section: "reloadable-plugin/EntryTypeRegistryImpl/ReiCompat of ReiCompat [travelersbackpack]/"
[23:00:36] [main/TRACE] [REI] [REIPlugin END] Reloading Section: "reloadable-plugin/EntryTypeRegistryImpl/ReiCompat of ReiCompat [travelersbackpack]/" done in 41.61 μs
[23:00:36] [main/TRACE] [REI] [REIPlugin END] Reloading Section: "reloadable-plugin/EntryTypeRegistryImpl/" done in 373.8 μs
[23:00:36] [main/TRACE] [REI] [REIPlugin END] Reloading Section: "reloadable-plugin/EntrySettingsAdapterRegistryImpl/"
[23:00:36] [main/TRACE] [REI] [REIPlugin END] Reloading Section: "reloadable-plugin/EntrySettingsAdapterRegistryImpl/DefaultPluginImpl of DefaultPluginImpl [roughlyenoughitems]/"
[23:00:36] [main/TRACE] [REI] [REIPlugin END] Reloading Section: "reloadable-plugin/EntrySettingsAdapterRegistryImpl/DefaultPluginImpl of DefaultPluginImpl [roughlyenoughitems]/" done in 61.14 μs
[23:00:36] [main/TRACE] [REI] [REIPlugin END] Reloading Section: "reloadable-plugin/EntrySettingsAdapterRegistryImpl/DefaultRuntimePlugin of DefaultRuntimePlugin [roughlyenoughitems]/"
[23:00:36] [main/TRACE] [REI] [REIPlugin END] Reloading Section: "reloadable-plugin/EntrySettingsAdapterRegistryImpl/DefaultRuntimePlugin of DefaultRuntimePlugin [roughlyenoughitems]/" done in 41.48 μs
[23:00:36] [main/TRACE] [REI] [REIPlugin END] Reloading Section: "reloadable-plugin/EntrySettingsAdapterRegistryImpl/ReiCompat of ReiCompat [travelersbackpack]/"
[23:00:36] [main/TRACE] [REI] [REIPlugin END] Reloading Section: "reloadable-plugin/EntrySettingsAdapterRegistryImpl/ReiCompat of ReiCompat [travelersbackpack]/" done in 40.71 μs
[23:00:36] [main/TRACE] [REI] [REIPlugin END] Reloading Section: "reloadable-plugin/EntrySettingsAdapterRegistryImpl/" done in 401.7 μs
[23:00:36] [main/TRACE] [REI] [REIPlugin END] Reloading Section: "reloadable-plugin/RecipeManagerContextImpl/"
[23:00:36] [main/TRACE] [REI] [REIPlugin END] Reloading Section: "reloadable-plugin/RecipeManagerContextImpl/DefaultPluginImpl of DefaultPluginImpl [roughlyenoughitems]/"
[23:00:36] [main/TRACE] [REI] [REIPlugin END] Reloading Section: "reloadable-plugin/RecipeManagerContextImpl/DefaultPluginImpl of DefaultPluginImpl [roughlyenoughitems]/" done in 44.01 μs
[23:00:36] [main/TRACE] [REI] [REIPlugin END] Reloading Section: "reloadable-plugin/RecipeManagerContextImpl/DefaultRuntimePlugin of DefaultRuntimePlugin [roughlyenoughitems]/"
[23:00:36] [main/TRACE] [REI] [REIPlugin END] Reloading Section: "reloadable-plugin/RecipeManagerContextImpl/DefaultRuntimePlugin of DefaultRuntimePlugin [roughlyenoughitems]/" done in 44.20 μs
[23:00:36] [main/TRACE] [REI] [REIPlugin END] Reloading Section: "reloadable-plugin/RecipeManagerContextImpl/ReiCompat of ReiCompat [travelersbackpack]/"
[23:00:36] [main/TRACE] [REI] [REIPlugin END] Reloading Section: "reloadable-plugin/RecipeManagerContextImpl/ReiCompat of ReiCompat [travelersbackpack]/" done in 42.26 μs
[23:00:36] [main/TRACE] [REI] [REIPlugin END] Reloading Section: "reloadable-plugin/RecipeManagerContextImpl/" done in 414.2 μs
[23:00:36] [main/TRACE] [REI] [REIPlugin END] Reloading Section: "reloadable-plugin/ItemComparatorRegistryImpl/"
[23:00:36] [main/TRACE] [REI] [REIPlugin END] Reloading Section: "reloadable-plugin/ItemComparatorRegistryImpl/DefaultPluginImpl of DefaultPluginImpl [roughlyenoughitems]/"
[23:00:36] [main/TRACE] [REI] [REIPlugin END] Reloading Section: "reloadable-plugin/ItemComparatorRegistryImpl/DefaultPluginImpl of DefaultPluginImpl [roughlyenoughitems]/" done in 39.13 μs
[23:00:36] [main/TRACE] [REI] [REIPlugin END] Reloading Section: "reloadable-plugin/ItemComparatorRegistryImpl/DefaultRuntimePlugin of DefaultRuntimePlugin [roughlyenoughitems]/"
[23:00:36] [main/TRACE] [REI] [REIPlugin END] Reloading Section: "reloadable-plugin/ItemComparatorRegistryImpl/DefaultRuntimePlugin of DefaultRuntimePlugin [roughlyenoughitems]/" done in 41.27 μs
[23:00:36] [main/TRACE] [REI] [REIPlugin END] Reloading Section: "reloadable-plugin/ItemComparatorRegistryImpl/ReiCompat of ReiCompat [travelersbackpack]/"
[23:00:36] [main/TRACE] [REI] [REIPlugin END] Reloading Section: "reloadable-plugin/ItemComparatorRegistryImpl/ReiCompat of ReiCompat [travelersbackpack]/" done in 41.27 μs
[23:00:36] [main/TRACE] [REI] [REIPlugin END] Reloading Section: "reloadable-plugin/ItemComparatorRegistryImpl/" done in 358.6 μs
[23:00:36] [main/TRACE] [REI] [REIPlugin END] Reloading Section: "reloadable-plugin/FluidComparatorRegistryImpl/"
[23:00:36] [main/TRACE] [REI] [REIPlugin END] Reloading Section: "reloadable-plugin/FluidComparatorRegistryImpl/DefaultPluginImpl of DefaultPluginImpl [roughlyenoughitems]/"
[23:00:36] [main/TRACE] [REI] [REIPlugin END] Reloading Section: "reloadable-plugin/FluidComparatorRegistryImpl/DefaultPluginImpl of DefaultPluginImpl [roughlyenoughitems]/" done in 41.57 μs
[23:00:36] [main/TRACE] [REI] [REIPlugin END] Reloading Section: "reloadable-plugin/FluidComparatorRegistryImpl/DefaultRuntimePlugin of DefaultRuntimePlugin [roughlyenoughitems]/"
[23:00:36] [main/TRACE] [REI] [REIPlugin END] Reloading Section: "reloadable-plugin/FluidComparatorRegistryImpl/DefaultRuntimePlugin of DefaultRuntimePlugin [roughlyenoughitems]/" done in 51.17 μs
[23:00:36] [main/TRACE] [REI] [REIPlugin END] Reloading Section: "reloadable-plugin/FluidComparatorRegistryImpl/ReiCompat of ReiCompat [travelersbackpack]/"
[23:00:36] [main/TRACE] [REI] [REIPlugin END] Reloading Section: "reloadable-plugin/FluidComparatorRegistryImpl/ReiCompat of ReiCompat [travelersbackpack]/" done in 42.79 μs
[23:00:36] [main/TRACE] [REI] [REIPlugin END] Reloading Section: "reloadable-plugin/FluidComparatorRegistryImpl/" done in 376.5 μs
[23:00:36] [main/TRACE] [REI] [REIPlugin END] Reloading Section: "reloadable-plugin/DisplaySerializerRegistryImpl/"
[23:00:36] [main/TRACE] [REI] [REIPlugin END] Reloading Section: "reloadable-plugin/DisplaySerializerRegistryImpl/DefaultPluginImpl of DefaultPluginImpl [roughlyenoughitems]/"
[23:00:36] [main/TRACE] [REI] [REIPlugin END] Reloading Section: "reloadable-plugin/DisplaySerializerRegistryImpl/DefaultPluginImpl of DefaultPluginImpl [roughlyenoughitems]/" done in 16.38 ms
[23:00:36] [main/TRACE] [REI] [REIPlugin END] Reloading Section: "reloadable-plugin/DisplaySerializerRegistryImpl/DefaultRuntimePlugin of DefaultRuntimePlugin [roughlyenoughitems]/"
[23:00:36] [main/TRACE] [REI] [REIPlugin END] Reloading Section: "reloadable-plugin/DisplaySerializerRegistryImpl/DefaultRuntimePlugin of DefaultRuntimePlugin [roughlyenoughitems]/" done in 51.44 μs
[23:00:36] [main/TRACE] [REI] [REIPlugin END] Reloading Section: "reloadable-plugin/DisplaySerializerRegistryImpl/ReiCompat of ReiCompat [travelersbackpack]/"
[23:00:36] [main/TRACE] [REI] [REIPlugin END] Reloading Section: "reloadable-plugin/DisplaySerializerRegistryImpl/ReiCompat of ReiCompat [travelersbackpack]/" done in 45.60 μs
[23:00:36] [main/TRACE] [REI] [REIPlugin END] Reloading Section: "reloadable-plugin/DisplaySerializerRegistryImpl/" done in 16.78 ms
[23:00:36] [main/TRACE] [REI] [REIPlugin END] Reloading Section: "reloadable-plugin/FluidSupportProviderImpl/"
[23:00:36] [main/TRACE] [REI] [REIPlugin END] Reloading Section: "reloadable-plugin/FluidSupportProviderImpl/DefaultPluginImpl of DefaultPluginImpl [roughlyenoughitems]/"
[23:00:36] [main/TRACE] [REI] [REIPlugin END] Reloading Section: "reloadable-plugin/FluidSupportProviderImpl/DefaultPluginImpl of DefaultPluginImpl [roughlyenoughitems]/" done in 42.96 μs
[23:00:36] [main/TRACE] [REI] [REIPlugin END] Reloading Section: "reloadable-plugin/FluidSupportProviderImpl/DefaultRuntimePlugin of DefaultRuntimePlugin [roughlyenoughitems]/"
[23:00:36] [main/TRACE] [REI] [REIPlugin END] Reloading Section: "reloadable-plugin/FluidSupportProviderImpl/DefaultRuntimePlugin of DefaultRuntimePlugin [roughlyenoughitems]/" done in 37.68 μs
[23:00:36] [main/TRACE] [REI] [REIPlugin END] Reloading Section: "reloadable-plugin/FluidSupportProviderImpl/ReiCompat of ReiCompat [travelersbackpack]/"
[23:00:36] [main/TRACE] [REI] [REIPlugin END] Reloading Section: "reloadable-plugin/FluidSupportProviderImpl/ReiCompat of ReiCompat [travelersbackpack]/" done in 43.00 μs
[23:00:36] [main/TRACE] [REI] [REIPlugin END] Reloading Section: "reloadable-plugin/FluidSupportProviderImpl/" done in 367.5 μs
[23:00:36] [main/DEBUG] [REI] ========================================
[23:00:36] [main/DEBUG] [REI] REIPlugin ending main-reload for END.
[23:00:36] [main/DEBUG] [REI] ========================================
[23:00:36] [main/TRACE] [REI] [REIPlugin END] Reloading Section: "end-reload/"
[23:00:36] [main/TRACE] [REI] [REIPlugin END] Reloading Section: "end-reload/EntryTypeRegistryImpl/"
[23:00:36] [main/TRACE] [REI] [REIPlugin END] Reloading Section: "end-reload/EntryTypeRegistryImpl/" done in 43.04 μs
[23:00:36] [main/TRACE] [REI] [REIPlugin END] Reloading Section: "end-reload/EntrySettingsAdapterRegistryImpl/"
[23:00:36] [main/TRACE] [REI] [REIPlugin END] Reloading Section: "end-reload/EntrySettingsAdapterRegistryImpl/" done in 38.07 μs
[23:00:36] [main/TRACE] [REI] [REIPlugin END] Reloading Section: "end-reload/RecipeManagerContextImpl/"
[23:00:36] [main/TRACE] [REI] [REIPlugin END] Reloading Section: "end-reload/RecipeManagerContextImpl/" done in 39.74 μs
[23:00:36] [main/TRACE] [REI] [REIPlugin END] Reloading Section: "end-reload/ItemComparatorRegistryImpl/"
[23:00:36] [main/TRACE] [REI] [REIPlugin END] Reloading Section: "end-reload/ItemComparatorRegistryImpl/" done in 38.07 μs
[23:00:36] [main/TRACE] [REI] [REIPlugin END] Reloading Section: "end-reload/FluidComparatorRegistryImpl/"
[23:00:36] [main/TRACE] [REI] [REIPlugin END] Reloading Section: "end-reload/FluidComparatorRegistryImpl/" done in 35.56 μs
[23:00:36] [main/TRACE] [REI] [REIPlugin END] Reloading Section: "end-reload/DisplaySerializerRegistryImpl/"
[23:00:36] [main/TRACE] [REI] [REIPlugin END] Reloading Section: "end-reload/DisplaySerializerRegistryImpl/" done in 36.34 μs
[23:00:36] [main/TRACE] [REI] [REIPlugin END] Reloading Section: "end-reload/FluidSupportProviderImpl/"
[23:00:36] [main/TRACE] [REI] [REIPlugin END] Reloading Section: "end-reload/FluidSupportProviderImpl/" done in 37.41 μs
[23:00:36] [main/TRACE] [REI] [REIPlugin END] Reloading Section: "end-reload/" done in 769.0 μs
[23:00:36] [main/DEBUG] [REI] ========================================
[23:00:36] [main/DEBUG] [REI] REIPlugin ended main-reload for END in 23.40 ms.
[23:00:36] [main/DEBUG] [REI] ========================================
[23:00:36] [main/INFO] [REI] ----------------------------------------
[23:00:36] [main/INFO] [REI] REIServerPlugin starting main-reload for END.
[23:00:36] [main/DEBUG] [REI] Reloadables (2):
[23:00:36] [main/DEBUG] [REI]  - MenuInfoRegistryImpl
[23:00:36] [main/DEBUG] [REI]  - SlotAccessorRegistryImpl
[23:00:36] [main/INFO] [REI] Plugins (3):
[23:00:36] [main/INFO] [REI]  - (-100.00) DefaultPluginImpl of DefaultPluginImpl [roughlyenoughitems]
[23:00:36] [main/INFO] [REI]  - (0.00) ReiCompat of ReiCompat [travelersbackpack]
[23:00:36] [main/INFO] [REI]  - (0.00) DefaultRuntimePlugin of DefaultRuntimePlugin [roughlyenoughitems]
[23:00:36] [main/INFO] [REI] ----------------------------------------
[23:00:36] [main/TRACE] [REI] [REIServerPlugin END] Reloading Section: "start-reload/"
[23:00:36] [main/TRACE] [REI] [REIServerPlugin END] Reloading Section: "start-reload/MenuInfoRegistryImpl/"
[23:00:36] [main/TRACE] [REI] [REIServerPlugin END] Reloading Section: "start-reload/MenuInfoRegistryImpl/" done in 47.23 μs
[23:00:36] [main/TRACE] [REI] [REIServerPlugin END] Reloading Section: "start-reload/SlotAccessorRegistryImpl/"
[23:00:36] [main/TRACE] [REI] [REIServerPlugin END] Reloading Section: "start-reload/SlotAccessorRegistryImpl/" done in 42.52 μs
[23:00:36] [main/TRACE] [REI] [REIServerPlugin END] Reloading Section: "start-reload/" done in 337.2 μs
[23:00:36] [main/DEBUG] [REI] ========================================
[23:00:36] [main/DEBUG] [REI] REIServerPlugin started main-reload for END.
[23:00:36] [main/DEBUG] [REI] ========================================
[23:00:36] [main/TRACE] [REI] [REIServerPlugin END] Reloading Section: "reloadable-plugin/MenuInfoRegistryImpl/"
[23:00:36] [main/TRACE] [REI] [REIServerPlugin END] Reloading Section: "reloadable-plugin/MenuInfoRegistryImpl/DefaultPluginImpl of DefaultPluginImpl [roughlyenoughitems]/"
[23:00:36] [main/TRACE] [REI] [REIServerPlugin END] Reloading Section: "reloadable-plugin/MenuInfoRegistryImpl/DefaultPluginImpl of DefaultPluginImpl [roughlyenoughitems]/" done in 52.78 μs
[23:00:36] [main/TRACE] [REI] [REIServerPlugin END] Reloading Section: "reloadable-plugin/MenuInfoRegistryImpl/ReiCompat of ReiCompat [travelersbackpack]/"
[23:00:36] [main/DEBUG] [REI] Added menu info for class com.tiviacz.travelersbackpack.inventory.menu.TravelersBackpackBaseMenu [minecraft:plugins/crafting]: me.shedaniel.rei.api.common.transfer.info.simple.SimpleMenuInfoProvider$$Lambda/0x000073b8d6750430@735f35be
[23:00:36] [main/TRACE] [REI] [REIServerPlugin END] Reloading Section: "reloadable-plugin/MenuInfoRegistryImpl/ReiCompat of ReiCompat [travelersbackpack]/" done in 3.657 ms
[23:00:36] [main/TRACE] [REI] [REIServerPlugin END] Reloading Section: "reloadable-plugin/MenuInfoRegistryImpl/DefaultRuntimePlugin of DefaultRuntimePlugin [roughlyenoughitems]/"
[23:00:36] [main/TRACE] [REI] [REIServerPlugin END] Reloading Section: "reloadable-plugin/MenuInfoRegistryImpl/DefaultRuntimePlugin of DefaultRuntimePlugin [roughlyenoughitems]/" done in 43.37 μs
[23:00:36] [main/TRACE] [REI] [REIServerPlugin END] Reloading Section: "reloadable-plugin/MenuInfoRegistryImpl/" done in 4.046 ms
[23:00:36] [main/TRACE] [REI] [REIServerPlugin END] Reloading Section: "reloadable-plugin/SlotAccessorRegistryImpl/"
[23:00:36] [main/TRACE] [REI] [REIServerPlugin END] Reloading Section: "reloadable-plugin/SlotAccessorRegistryImpl/DefaultPluginImpl of DefaultPluginImpl [roughlyenoughitems]/"
[23:00:36] [main/TRACE] [REI] [REIServerPlugin END] Reloading Section: "reloadable-plugin/SlotAccessorRegistryImpl/DefaultPluginImpl of DefaultPluginImpl [roughlyenoughitems]/" done in 52.03 μs
[23:00:36] [main/TRACE] [REI] [REIServerPlugin END] Reloading Section: "reloadable-plugin/SlotAccessorRegistryImpl/ReiCompat of ReiCompat [travelersbackpack]/"
[23:00:36] [main/TRACE] [REI] [REIServerPlugin END] Reloading Section: "reloadable-plugin/SlotAccessorRegistryImpl/ReiCompat of ReiCompat [travelersbackpack]/" done in 41.11 μs
[23:00:36] [main/TRACE] [REI] [REIServerPlugin END] Reloading Section: "reloadable-plugin/SlotAccessorRegistryImpl/DefaultRuntimePlugin of DefaultRuntimePlugin [roughlyenoughitems]/"
[23:00:36] [main/DEBUG] [REI] Added slot accessor serializer: me.shedaniel.rei.plugin.common.runtime.DefaultRuntimePlugin$1@e14a2fd [roughlyenoughitems:vanilla]
[23:00:36] [main/DEBUG] [REI] Added slot accessor serializer: me.shedaniel.rei.plugin.common.runtime.DefaultRuntimePlugin$2@716681f6 [roughlyenoughitems:player]
[23:00:36] [main/TRACE] [REI] [REIServerPlugin END] Reloading Section: "reloadable-plugin/SlotAccessorRegistryImpl/DefaultRuntimePlugin of DefaultRuntimePlugin [roughlyenoughitems]/" done in 1.597 ms
[23:00:36] [main/TRACE] [REI] [REIServerPlugin END] Reloading Section: "reloadable-plugin/SlotAccessorRegistryImpl/" done in 1.960 ms
[23:00:36] [main/DEBUG] [REI] ========================================
[23:00:36] [main/DEBUG] [REI] REIServerPlugin ending main-reload for END.
[23:00:36] [main/DEBUG] [REI] ========================================
[23:00:36] [main/TRACE] [REI] [REIServerPlugin END] Reloading Section: "end-reload/"
[23:00:36] [main/TRACE] [REI] [REIServerPlugin END] Reloading Section: "end-reload/MenuInfoRegistryImpl/"
[23:00:36] [main/DEBUG] [REI] Registered 1 menu infos
[23:00:36] [main/TRACE] [REI] [REIServerPlugin END] Reloading Section: "end-reload/MenuInfoRegistryImpl/" done in 151.9 μs
[23:00:36] [main/TRACE] [REI] [REIServerPlugin END] Reloading Section: "end-reload/SlotAccessorRegistryImpl/"
[23:00:36] [main/DEBUG] [REI] Registered 2 slot accessor serializers
[23:00:36] [main/TRACE] [REI] [REIServerPlugin END] Reloading Section: "end-reload/SlotAccessorRegistryImpl/" done in 165.8 μs
[23:00:36] [main/TRACE] [REI] [REIServerPlugin END] Reloading Section: "end-reload/" done in 550.3 μs
[23:00:36] [main/DEBUG] [REI] ========================================
[23:00:36] [main/DEBUG] [REI] REIServerPlugin ended main-reload for END in 8.760 ms.
[23:00:36] [main/DEBUG] [REI] ========================================
[23:00:36] [main/DEBUG] [REI] ========================================
[23:00:36] [main/DEBUG] [REI] REIPlugin starting post-reload for END.
[23:00:36] [main/DEBUG] [REI] Reloadables (7):
[23:00:36] [main/DEBUG] [REI]  - EntryTypeRegistryImpl
[23:00:36] [main/DEBUG] [REI]  - EntrySettingsAdapterRegistryImpl
[23:00:36] [main/DEBUG] [REI]  - RecipeManagerContextImpl
[23:00:36] [main/DEBUG] [REI]  - ItemComparatorRegistryImpl
[23:00:36] [main/DEBUG] [REI]  - FluidComparatorRegistryImpl
[23:00:36] [main/DEBUG] [REI]  - DisplaySerializerRegistryImpl
[23:00:36] [main/DEBUG] [REI]  - FluidSupportProviderImpl
[23:00:36] [main/DEBUG] [REI] Plugins (3):
[23:00:36] [main/DEBUG] [REI]  - (-100.00) DefaultPluginImpl of DefaultPluginImpl [roughlyenoughitems]
[23:00:36] [main/DEBUG] [REI]  - (0.00) DefaultRuntimePlugin of DefaultRuntimePlugin [roughlyenoughitems]
[23:00:36] [main/DEBUG] [REI]  - (0.00) ReiCompat of ReiCompat [travelersbackpack]
[23:00:36] [main/DEBUG] [REI] ========================================
[23:00:36] [main/TRACE] [REI] [REIPlugin END] Reloading Section: "post-register/"
[23:00:36] [main/TRACE] [REI] [REIPlugin END] Reloading Section: "post-register/DefaultPluginImpl of DefaultPluginImpl [roughlyenoughitems]/"
[23:00:36] [main/TRACE] [REI] [REIPlugin END] Reloading Section: "post-register/DefaultPluginImpl of DefaultPluginImpl [roughlyenoughitems]/" done in 39.12 μs
[23:00:36] [main/TRACE] [REI] [REIPlugin END] Reloading Section: "post-register/DefaultRuntimePlugin of DefaultRuntimePlugin [roughlyenoughitems]/"
[23:00:36] [main/TRACE] [REI] [REIPlugin END] Reloading Section: "post-register/DefaultRuntimePlugin of DefaultRuntimePlugin [roughlyenoughitems]/" done in 39.93 μs
[23:00:36] [main/TRACE] [REI] [REIPlugin END] Reloading Section: "post-register/ReiCompat of ReiCompat [travelersbackpack]/"
[23:00:36] [main/TRACE] [REI] [REIPlugin END] Reloading Section: "post-register/ReiCompat of ReiCompat [travelersbackpack]/" done in 37.94 μs
[23:00:36] [main/TRACE] [REI] [REIPlugin END] Reloading Section: "post-register/" done in 412.6 μs
[23:00:36] [main/TRACE] [REI] [REIPlugin END] Reloading Section: "post-stage/"
[23:00:36] [main/TRACE] [REI] [REIPlugin END] Reloading Section: "post-stage/EntryTypeRegistryImpl/"
[23:00:36] [main/TRACE] [REI] [REIPlugin END] Reloading Section: "post-stage/EntryTypeRegistryImpl/" done in 34.53 μs
[23:00:36] [main/TRACE] [REI] [REIPlugin END] Reloading Section: "post-stage/EntrySettingsAdapterRegistryImpl/"
[23:00:36] [main/TRACE] [REI] [REIPlugin END] Reloading Section: "post-stage/EntrySettingsAdapterRegistryImpl/" done in 33.60 μs
[23:00:36] [main/TRACE] [REI] [REIPlugin END] Reloading Section: "post-stage/RecipeManagerContextImpl/"
[23:00:36] [main/TRACE] [REI] [REIPlugin END] Reloading Section: "post-stage/RecipeManagerContextImpl/" done in 53.34 μs
[23:00:36] [main/TRACE] [REI] [REIPlugin END] Reloading Section: "post-stage/ItemComparatorRegistryImpl/"
[23:00:36] [main/TRACE] [REI] [REIPlugin END] Reloading Section: "post-stage/ItemComparatorRegistryImpl/" done in 34.27 μs
[23:00:36] [main/TRACE] [REI] [REIPlugin END] Reloading Section: "post-stage/FluidComparatorRegistryImpl/"
[23:00:36] [main/TRACE] [REI] [REIPlugin END] Reloading Section: "post-stage/FluidComparatorRegistryImpl/" done in 34.40 μs
[23:00:36] [main/TRACE] [REI] [REIPlugin END] Reloading Section: "post-stage/DisplaySerializerRegistryImpl/"
[23:00:36] [main/TRACE] [REI] [REIPlugin END] Reloading Section: "post-stage/DisplaySerializerRegistryImpl/" done in 33.95 μs
[23:00:36] [main/TRACE] [REI] [REIPlugin END] Reloading Section: "post-stage/FluidSupportProviderImpl/"
[23:00:36] [main/TRACE] [REI] [REIPlugin END] Reloading Section: "post-stage/FluidSupportProviderImpl/" done in 34.64 μs
[23:00:36] [main/TRACE] [REI] [REIPlugin END] Reloading Section: "post-stage/" done in 697.9 μs
[23:00:36] [main/DEBUG] [REI] ========================================
[23:00:36] [main/INFO] [REI] REIPlugin finished post-reload for END in 1.230 ms, totaling 25.96 ms.
[23:00:36] [main/DEBUG] [REI] ========================================
[23:00:36] [main/DEBUG] [REI] ========================================
[23:00:36] [main/DEBUG] [REI] REIServerPlugin starting post-reload for END.
[23:00:36] [main/DEBUG] [REI] Reloadables (2):
[23:00:36] [main/DEBUG] [REI]  - MenuInfoRegistryImpl
[23:00:36] [main/DEBUG] [REI]  - SlotAccessorRegistryImpl
[23:00:36] [main/DEBUG] [REI] Plugins (3):
[23:00:36] [main/DEBUG] [REI]  - (-100.00) DefaultPluginImpl of DefaultPluginImpl [roughlyenoughitems]
[23:00:36] [main/DEBUG] [REI]  - (0.00) ReiCompat of ReiCompat [travelersbackpack]
[23:00:36] [main/DEBUG] [REI]  - (0.00) DefaultRuntimePlugin of DefaultRuntimePlugin [roughlyenoughitems]
[23:00:36] [main/DEBUG] [REI] ========================================
[23:00:36] [main/TRACE] [REI] [REIServerPlugin END] Reloading Section: "post-register/"
[23:00:36] [main/TRACE] [REI] [REIServerPlugin END] Reloading Section: "post-register/DefaultPluginImpl of DefaultPluginImpl [roughlyenoughitems]/"
[23:00:36] [main/TRACE] [REI] [REIServerPlugin END] Reloading Section: "post-register/DefaultPluginImpl of DefaultPluginImpl [roughlyenoughitems]/" done in 37.96 μs
[23:00:36] [main/TRACE] [REI] [REIServerPlugin END] Reloading Section: "post-register/ReiCompat of ReiCompat [travelersbackpack]/"
[23:00:36] [main/TRACE] [REI] [REIServerPlugin END] Reloading Section: "post-register/ReiCompat of ReiCompat [travelersbackpack]/" done in 37.74 μs
[23:00:36] [main/TRACE] [REI] [REIServerPlugin END] Reloading Section: "post-register/DefaultRuntimePlugin of DefaultRuntimePlugin [roughlyenoughitems]/"
[23:00:36] [main/TRACE] [REI] [REIServerPlugin END] Reloading Section: "post-register/DefaultRuntimePlugin of DefaultRuntimePlugin [roughlyenoughitems]/" done in 39.04 μs
[23:00:36] [main/TRACE] [REI] [REIServerPlugin END] Reloading Section: "post-register/" done in 433.9 μs
[23:00:36] [main/TRACE] [REI] [REIServerPlugin END] Reloading Section: "post-stage/"
[23:00:36] [main/TRACE] [REI] [REIServerPlugin END] Reloading Section: "post-stage/MenuInfoRegistryImpl/"
[23:00:36] [main/TRACE] [REI] [REIServerPlugin END] Reloading Section: "post-stage/MenuInfoRegistryImpl/" done in 34.98 μs
[23:00:36] [main/TRACE] [REI] [REIServerPlugin END] Reloading Section: "post-stage/SlotAccessorRegistryImpl/"
[23:00:36] [main/TRACE] [REI] [REIServerPlugin END] Reloading Section: "post-stage/SlotAccessorRegistryImpl/" done in 31.01 μs
[23:00:36] [main/TRACE] [REI] [REIServerPlugin END] Reloading Section: "post-stage/" done in 207.6 μs
[23:00:36] [main/DEBUG] [REI] ========================================
[23:00:36] [main/INFO] [REI] REIServerPlugin finished post-reload for END in 742.6 μs, totaling 10.19 ms.
[23:00:36] [main/DEBUG] [REI] ========================================
